# JRE version: Java(TM) SE Runtime Environment (8.0_271-b09) (build 1.8.0_271-b09)
# Java VM: Java HotSpot(TM) 64-Bit Server VM (25.271-b09 mixed mode bsd-amd64 compressed oops)
Heap:
 PSYoungGen      total 1157632K, used 905768K [0x000000076ab00000, 0x00000007c0000000, 0x00000007c0000000)
  eden space 915456K, 94% used [0x000000076ab00000,0x000000079f5965b0,0x00000007a2900000)
  from space 242176K, 17% used [0x00000007b1380000,0x00000007b3d73e08,0x00000007c0000000)
  to   space 240128K, 0% used [0x00000007a2900000,0x00000007a2900000,0x00000007b1380000)
 ParOldGen       total 2796544K, used 399420K [0x00000006c0000000, 0x000000076ab00000, 0x000000076ab00000)
  object space 2796544K, 14% used [0x00000006c0000000,0x00000006d860f030,0x000000076ab00000)
 Metaspace       used 242185K, capacity 275445K, committed 278824K, reserved 1292288K
  class space    used 32648K, capacity 34474K, committed 35112K, reserved 1048576K
GC Heap History (10 events):
Event: 212.761 GC heap before
{Heap before GC invocations=32 (full 5):
 PSYoungGen      total 1198592K, used 1187679K [0x000000076ab00000, 0x00000007c0000000, 0x00000007c0000000)
  eden space 1037312K, 100% used [0x000000076ab00000,0x00000007aa000000,0x00000007aa000000)
  from space 161280K, 93% used [0x00000007b6280000,0x00000007bf557f00,0x00000007c0000000)
  to   space 180224K, 0% used [0x00000007aa000000,0x00000007aa000000,0x00000007b5000000)
 ParOldGen       total 2796544K, used 373496K [0x00000006c0000000, 0x000000076ab00000, 0x000000076ab00000)
  object space 2796544K, 13% used [0x00000006c0000000,0x00000006d6cbe2f8,0x000000076ab00000)
 Metaspace       used 233299K, capacity 267611K, committed 267944K, reserved 1284096K
  class space    used 31950K, capacity 33868K, committed 33960K, reserved 1048576K
Event: 212.926 GC heap after
Heap after GC invocations=32 (full 5):
 PSYoungGen      total 1210880K, used 173152K [0x000000076ab00000, 0x00000007c0000000, 0x00000007c0000000)
  eden space 1037312K, 0% used [0x000000076ab00000,0x000000076ab00000,0x00000007aa000000)
  from space 173568K, 99% used [0x00000007aa000000,0x00000007b4918308,0x00000007b4980000)
  to   space 186880K, 0% used [0x00000007b4980000,0x00000007b4980000,0x00000007c0000000)
 ParOldGen       total 2796544K, used 373496K [0x00000006c0000000, 0x000000076ab00000, 0x000000076ab00000)
  object space 2796544K, 13% used [0x00000006c0000000,0x00000006d6cbe2f8,0x000000076ab00000)
 Metaspace       used 233299K, capacity 267611K, committed 267944K, reserved 1284096K
  class space    used 31950K, capacity 33868K, committed 33960K, reserved 1048576K
}
Event: 216.176 GC heap before
{Heap before GC invocations=33 (full 5):
 PSYoungGen      total 1210880K, used 1210464K [0x000000076ab00000, 0x00000007c0000000, 0x00000007c0000000)
  eden space 1037312K, 100% used [0x000000076ab00000,0x00000007aa000000,0x00000007aa000000)
  from space 173568K, 99% used [0x00000007aa000000,0x00000007b4918308,0x00000007b4980000)
  to   space 186880K, 0% used [0x00000007b4980000,0x00000007b4980000,0x00000007c0000000)
 ParOldGen       total 2796544K, used 373496K [0x00000006c0000000, 0x000000076ab00000, 0x000000076ab00000)
  object space 2796544K, 13% used [0x00000006c0000000,0x00000006d6cbe2f8,0x000000076ab00000)
 Metaspace       used 238326K, capacity 273103K, committed 273320K, reserved 1288192K
  class space    used 32540K, capacity 34452K, committed 34472K, reserved 1048576K
Event: 216.262 GC heap after
Heap after GC invocations=33 (full 5):
 PSYoungGen      total 1133056K, used 182264K [0x000000076ab00000, 0x00000007c0000000, 0x00000007c0000000)
  eden space 946176K, 0% used [0x000000076ab00000,0x000000076ab00000,0x00000007a4700000)
  from space 186880K, 97% used [0x00000007b4980000,0x00000007bfb7e010,0x00000007c0000000)
  to   space 225792K, 0% used [0x00000007a4700000,0x00000007a4700000,0x00000007b2380000)
 ParOldGen       total 2796544K, used 373504K [0x00000006c0000000, 0x000000076ab00000, 0x000000076ab00000)
  object space 2796544K, 13% used [0x00000006c0000000,0x00000006d6cc02f8,0x000000076ab00000)
 Metaspace       used 238326K, capacity 273103K, committed 273320K, reserved 1288192K
  class space    used 32540K, capacity 34452K, committed 34472K, reserved 1048576K
}
Event: 216.380 GC heap before
{Heap before GC invocations=34 (full 5):
 PSYoungGen      total 1133056K, used 248549K [0x000000076ab00000, 0x00000007c0000000, 0x00000007c0000000)
  eden space 946176K, 7% used [0x000000076ab00000,0x000000076ebbb668,0x00000007a4700000)
  from space 186880K, 97% used [0x00000007b4980000,0x00000007bfb7e010,0x00000007c0000000)
  to   space 225792K, 0% used [0x00000007a4700000,0x00000007a4700000,0x00000007b2380000)
 ParOldGen       total 2796544K, used 373504K [0x00000006c0000000, 0x000000076ab00000, 0x000000076ab00000)
  object space 2796544K, 13% used [0x00000006c0000000,0x00000006d6cc02f8,0x000000076ab00000)
 Metaspace       used 238846K, capacity 273795K, committed 273896K, reserved 1288192K
  class space    used 32651K, capacity 34557K, committed 34600K, reserved 1048576K
Event: 216.469 GC heap after
Heap after GC invocations=34 (full 5):
 PSYoungGen      total 1125888K, used 179214K [0x000000076ab00000, 0x00000007c0000000, 0x00000007c0000000)
  eden space 946176K, 0% used [0x000000076ab00000,0x000000076ab00000,0x00000007a4700000)
  from space 179712K, 99% used [0x00000007a4700000,0x00000007af603868,0x00000007af680000)
  to   space 242176K, 0% used [0x00000007b1380000,0x00000007b1380000,0x00000007c0000000)
 ParOldGen       total 2796544K, used 373512K [0x00000006c0000000, 0x000000076ab00000, 0x000000076ab00000)
  object space 2796544K, 13% used [0x00000006c0000000,0x00000006d6cc22f8,0x000000076ab00000)
 Metaspace       used 238846K, capacity 273795K, committed 273896K, reserved 1288192K
  class space    used 32651K, capacity 34557K, committed 34600K, reserved 1048576K
}
Event: 216.469 GC heap before
{Heap before GC invocations=35 (full 6):
 PSYoungGen      total 1125888K, used 179214K [0x000000076ab00000, 0x00000007c0000000, 0x00000007c0000000)
  eden space 946176K, 0% used [0x000000076ab00000,0x000000076ab00000,0x00000007a4700000)
  from space 179712K, 99% used [0x00000007a4700000,0x00000007af603868,0x00000007af680000)
  to   space 242176K, 0% used [0x00000007b1380000,0x00000007b1380000,0x00000007c0000000)
 ParOldGen       total 2796544K, used 373512K [0x00000006c0000000, 0x000000076ab00000, 0x000000076ab00000)
  object space 2796544K, 13% used [0x00000006c0000000,0x00000006d6cc22f8,0x000000076ab00000)
 Metaspace       used 238846K, capacity 273795K, committed 273896K, reserved 1288192K
  class space    used 32651K, capacity 34557K, committed 34600K, reserved 1048576K
Event: 217.940 GC heap after
Heap after GC invocations=35 (full 6):
 PSYoungGen      total 1125888K, used 0K [0x000000076ab00000, 0x00000007c0000000, 0x00000007c0000000)
  eden space 946176K, 0% used [0x000000076ab00000,0x000000076ab00000,0x00000007a4700000)
  from space 179712K, 0% used [0x00000007a4700000,0x00000007a4700000,0x00000007af680000)
  to   space 242176K, 0% used [0x00000007b1380000,0x00000007b1380000,0x00000007c0000000)
 ParOldGen       total 2796544K, used 399412K [0x00000006c0000000, 0x000000076ab00000, 0x000000076ab00000)
  object space 2796544K, 14% used [0x00000006c0000000,0x00000006d860d030,0x000000076ab00000)
 Metaspace       used 233455K, capacity 265519K, committed 273896K, reserved 1288192K
  class space    used 31451K, capacity 33208K, committed 34600K, reserved 1048576K
}
Event: 221.203 GC heap before
{Heap before GC invocations=36 (full 6):
 PSYoungGen      total 1125888K, used 946176K [0x000000076ab00000, 0x00000007c0000000, 0x00000007c0000000)
  eden space 946176K, 100% used [0x000000076ab00000,0x00000007a4700000,0x00000007a4700000)
  from space 179712K, 0% used [0x00000007a4700000,0x00000007a4700000,0x00000007af680000)
  to   space 242176K, 0% used [0x00000007b1380000,0x00000007b1380000,0x00000007c0000000)
 ParOldGen       total 2796544K, used 399412K [0x00000006c0000000, 0x000000076ab00000, 0x000000076ab00000)
  object space 2796544K, 14% used [0x00000006c0000000,0x00000006d860d030,0x000000076ab00000)
 Metaspace       used 238074K, capacity 270537K, committed 275368K, reserved 1290240K
  class space    used 32123K, capacity 33961K, committed 34984K, reserved 1048576K
Event: 221.234 GC heap after
Heap after GC invocations=36 (full 6):
 PSYoungGen      total 1157632K, used 42959K [0x000000076ab00000, 0x00000007c0000000, 0x00000007c0000000)
  eden space 915456K, 0% used [0x000000076ab00000,0x000000076ab00000,0x00000007a2900000)
  from space 242176K, 17% used [0x00000007b1380000,0x00000007b3d73e08,0x00000007c0000000)
  to   space 240128K, 0% used [0x00000007a2900000,0x00000007a2900000,0x00000007b1380000)
 ParOldGen       total 2796544K, used 399420K [0x00000006c0000000, 0x000000076ab00000, 0x000000076ab00000)
  object space 2796544K, 14% used [0x00000006c0000000,0x00000006d860f030,0x000000076ab00000)
 Metaspace       used 238074K, capacity 270537K, committed 275368K, reserved 1290240K
  class space    used 32123K, capacity 33961K, committed 34984K, reserved 1048576K
}

