# JRE version: Java(TM) SE Runtime Environment (8.0_271-b09) (build 1.8.0_271-b09)
# Java VM: Java HotSpot(TM) 64-Bit Server VM (25.271-b09 mixed mode bsd-amd64 compressed oops)
Heap:
 PSYoungGen      total 1192448K, used 1090K [0x000000076ab00000, 0x00000007bf980000, 0x00000007c0000000)
  eden space 1004544K, 0% used [0x000000076ab00000,0x000000076ab00000,0x00000007a8000000)
  from space 187904K, 0% used [0x00000007b3b00000,0x00000007b3c10bb0,0x00000007bf280000)
  to   space 191488K, 0% used [0x00000007a8000000,0x00000007a8000000,0x00000007b3b00000)
 ParOldGen       total 2796544K, used 2128504K [0x00000006c0000000, 0x000000076ab00000, 0x000000076ab00000)
  object space 2796544K, 76% used [0x00000006c0000000,0x0000000741e9e328,0x000000076ab00000)
 Metaspace       used 528294K, capacity 573135K, committed 573312K, reserved 1542144K
  class space    used 77798K, capacity 80874K, committed 81024K, reserved 1048576K
GC Heap History (10 events):
Event: 656.583 GC heap after
Heap after GC invocations=209 (full 9):
 PSYoungGen      total 1191424K, used 109846K [0x000000076ab00000, 0x00000007bff00000, 0x00000007c0000000)
  eden space 985088K, 0% used [0x000000076ab00000,0x000000076ab00000,0x00000007a6d00000)
  from space 206336K, 53% used [0x00000007b3580000,0x00000007ba0c5af8,0x00000007bff00000)
  to   space 205312K, 0% used [0x00000007a6d00000,0x00000007a6d00000,0x00000007b3580000)
 ParOldGen       total 2796544K, used 2013801K [0x00000006c0000000, 0x000000076ab00000, 0x000000076ab00000)
  object space 2796544K, 72% used [0x00000006c0000000,0x000000073ae9a5f0,0x000000076ab00000)
 Metaspace       used 366907K, capacity 403579K, committed 404992K, reserved 1398784K
  class space    used 51979K, capacity 54387K, committed 54784K, reserved 1048576K
}
Event: 660.337 GC heap before
{Heap before GC invocations=210 (full 9):
 PSYoungGen      total 1191424K, used 1094933K [0x000000076ab00000, 0x00000007bff00000, 0x00000007c0000000)
  eden space 985088K, 99% used [0x000000076ab00000,0x00000007a6cffaa8,0x00000007a6d00000)
  from space 206336K, 53% used [0x00000007b3580000,0x00000007ba0c5af8,0x00000007bff00000)
  to   space 205312K, 0% used [0x00000007a6d00000,0x00000007a6d00000,0x00000007b3580000)
 ParOldGen       total 2796544K, used 2013801K [0x00000006c0000000, 0x000000076ab00000, 0x000000076ab00000)
  object space 2796544K, 72% used [0x00000006c0000000,0x000000073ae9a5f0,0x000000076ab00000)
 Metaspace       used 383108K, capacity 420195K, committed 421120K, reserved 1413120K
  class space    used 54298K, capacity 56774K, committed 57088K, reserved 1048576K
Event: 660.412 GC heap after
Heap after GC invocations=210 (full 9):
 PSYoungGen      total 1033216K, used 47980K [0x000000076ab00000, 0x00000007bf300000, 0x00000007c0000000)
  eden space 985088K, 0% used [0x000000076ab00000,0x000000076ab00000,0x00000007a6d00000)
  from space 48128K, 99% used [0x00000007a6d00000,0x00000007a9bdb1a8,0x00000007a9c00000)
  to   space 199168K, 0% used [0x00000007b3080000,0x00000007b3080000,0x00000007bf300000)
 ParOldGen       total 2796544K, used 2059264K [0x00000006c0000000, 0x000000076ab00000, 0x000000076ab00000)
  object space 2796544K, 73% used [0x00000006c0000000,0x000000073db000e0,0x000000076ab00000)
 Metaspace       used 383108K, capacity 420195K, committed 421120K, reserved 1413120K
  class space    used 54298K, capacity 56774K, committed 57088K, reserved 1048576K
}
Event: 662.545 GC heap before
{Heap before GC invocations=211 (full 9):
 PSYoungGen      total 1033216K, used 1033068K [0x000000076ab00000, 0x00000007bf300000, 0x00000007c0000000)
  eden space 985088K, 100% used [0x000000076ab00000,0x00000007a6d00000,0x00000007a6d00000)
  from space 48128K, 99% used [0x00000007a6d00000,0x00000007a9bdb1a8,0x00000007a9c00000)
  to   space 199168K, 0% used [0x00000007b3080000,0x00000007b3080000,0x00000007bf300000)
 ParOldGen       total 2796544K, used 2059264K [0x00000006c0000000, 0x000000076ab00000, 0x000000076ab00000)
  object space 2796544K, 73% used [0x00000006c0000000,0x000000073db000e0,0x000000076ab00000)
 Metaspace       used 408620K, capacity 445859K, committed 446592K, reserved 1435648K
  class space    used 57297K, capacity 59830K, committed 60032K, reserved 1048576K
Event: 663.284 GC heap after
Heap after GC invocations=211 (full 9):
 PSYoungGen      total 1193984K, used 88174K [0x000000076ab00000, 0x00000007c0000000, 0x00000007c0000000)
  eden space 994816K, 0% used [0x000000076ab00000,0x000000076ab00000,0x00000007a7680000)
  from space 199168K, 44% used [0x00000007b3080000,0x00000007b869ba18,0x00000007bf300000)
  to   space 190464K, 0% used [0x00000007a7680000,0x00000007a7680000,0x00000007b3080000)
 ParOldGen       total 2796544K, used 2078250K [0x00000006c0000000, 0x000000076ab00000, 0x000000076ab00000)
  object space 2796544K, 74% used [0x00000006c0000000,0x000000073ed8a930,0x000000076ab00000)
 Metaspace       used 408620K, capacity 445859K, committed 446592K, reserved 1435648K
  class space    used 57297K, capacity 59830K, committed 60032K, reserved 1048576K
}
Event: 817.512 GC heap before
{Heap before GC invocations=212 (full 9):
 PSYoungGen      total 1193984K, used 1082990K [0x000000076ab00000, 0x00000007c0000000, 0x00000007c0000000)
  eden space 994816K, 100% used [0x000000076ab00000,0x00000007a7680000,0x00000007a7680000)
  from space 199168K, 44% used [0x00000007b3080000,0x00000007b869ba18,0x00000007bf300000)
  to   space 190464K, 0% used [0x00000007a7680000,0x00000007a7680000,0x00000007b3080000)
 ParOldGen       total 2796544K, used 2078250K [0x00000006c0000000, 0x000000076ab00000, 0x000000076ab00000)
  object space 2796544K, 74% used [0x00000006c0000000,0x000000073ed8a930,0x000000076ab00000)
 Metaspace       used 527562K, capacity 572413K, committed 572800K, reserved 1542144K
  class space    used 77749K, capacity 80823K, committed 81024K, reserved 1048576K
Event: 818.887 GC heap after
Heap after GC invocations=212 (full 9):
 PSYoungGen      total 1185280K, used 104392K [0x000000076ab00000, 0x00000007bf280000, 0x00000007c0000000)
  eden space 994816K, 0% used [0x000000076ab00000,0x000000076ab00000,0x00000007a7680000)
  from space 190464K, 54% used [0x00000007a7680000,0x00000007adc72028,0x00000007b3080000)
  to   space 187904K, 0% used [0x00000007b3b00000,0x00000007b3b00000,0x00000007bf280000)
 ParOldGen       total 2796544K, used 2110510K [0x00000006c0000000, 0x000000076ab00000, 0x000000076ab00000)
  object space 2796544K, 75% used [0x00000006c0000000,0x0000000740d0b950,0x000000076ab00000)
 Metaspace       used 527562K, capacity 572413K, committed 572800K, reserved 1542144K
  class space    used 77749K, capacity 80823K, committed 81024K, reserved 1048576K
}
Event: 841.391 GC heap before
{Heap before GC invocations=213 (full 9):
 PSYoungGen      total 1185280K, used 157013K [0x000000076ab00000, 0x00000007bf280000, 0x00000007c0000000)
  eden space 994816K, 5% used [0x000000076ab00000,0x000000076de634b8,0x00000007a7680000)
  from space 190464K, 54% used [0x00000007a7680000,0x00000007adc72028,0x00000007b3080000)
  to   space 187904K, 0% used [0x00000007b3b00000,0x00000007b3b00000,0x00000007bf280000)
 ParOldGen       total 2796544K, used 2110510K [0x00000006c0000000, 0x000000076ab00000, 0x000000076ab00000)
  object space 2796544K, 75% used [0x00000006c0000000,0x0000000740d0b950,0x000000076ab00000)
 Metaspace       used 528294K, capacity 573135K, committed 573312K, reserved 1542144K
  class space    used 77798K, capacity 80874K, committed 81024K, reserved 1048576K
Event: 841.471 GC heap after
Heap after GC invocations=213 (full 9):
 PSYoungGen      total 1192448K, used 1090K [0x000000076ab00000, 0x00000007bf980000, 0x00000007c0000000)
  eden space 1004544K, 0% used [0x000000076ab00000,0x000000076ab00000,0x00000007a8000000)
  from space 187904K, 0% used [0x00000007b3b00000,0x00000007b3c10bb0,0x00000007bf280000)
  to   space 191488K, 0% used [0x00000007a8000000,0x00000007a8000000,0x00000007b3b00000)
 ParOldGen       total 2796544K, used 2128504K [0x00000006c0000000, 0x000000076ab00000, 0x000000076ab00000)
  object space 2796544K, 76% used [0x00000006c0000000,0x0000000741e9e328,0x000000076ab00000)
 Metaspace       used 528294K, capacity 573135K, committed 573312K, reserved 1542144K
  class space    used 77798K, capacity 80874K, committed 81024K, reserved 1048576K
}
Event: 841.471 GC heap before
{Heap before GC invocations=214 (full 10):
 PSYoungGen      total 1192448K, used 1090K [0x000000076ab00000, 0x00000007bf980000, 0x00000007c0000000)
  eden space 1004544K, 0% used [0x000000076ab00000,0x000000076ab00000,0x00000007a8000000)
  from space 187904K, 0% used [0x00000007b3b00000,0x00000007b3c10bb0,0x00000007bf280000)
  to   space 191488K, 0% used [0x00000007a8000000,0x00000007a8000000,0x00000007b3b00000)
 ParOldGen       total 2796544K, used 2128504K [0x00000006c0000000, 0x000000076ab00000, 0x000000076ab00000)
  object space 2796544K, 76% used [0x00000006c0000000,0x0000000741e9e328,0x000000076ab00000)
 Metaspace       used 528294K, capacity 573135K, committed 573312K, reserved 1542144K
  class space    used 77798K, capacity 80874K, committed 81024K, reserved 1048576K

