# JRE version: Java(TM) SE Runtime Environment (8.0_45-b14) (build 1.8.0_45-b14)
# Java VM: Java HotSpot(TM) 64-Bit Server VM (25.45-b02 mixed mode linux-amd64 compressed oops)
Heap:
 PSYoungGen      total 26112K, used 2041K [0x0000000781800000, 0x0000000784c00000, 0x00000007c0000000)
  eden space 24064K, 0% used [0x0000000781800000,0x0000000781800000,0x0000000782f80000)
  from space 2048K, 99% used [0x0000000782f80000,0x000000078317e498,0x0000000783180000)
  to   space 7168K, 0% used [0x0000000784500000,0x0000000784500000,0x0000000784c00000)
 ParOldGen       total 16896K, used 14657K [0x0000000704800000, 0x0000000705880000, 0x0000000781800000)
  object space 16896K, 86% used [0x0000000704800000,0x00000007056505a8,0x0000000705880000)
 Metaspace       used 7403K, capacity 8116K, committed 8448K, reserved 1056768K
  class space    used 886K, capacity 944K, committed 1024K, reserved 1048576K
GC Heap History (10 events):
Event: 0.828 GC heap after
Heap after GC invocations=5 (full 0):
 PSYoungGen      total 6656K, used 496K [0x0000000781800000, 0x0000000782700000, 0x00000007c0000000)
  eden space 6144K, 0% used [0x0000000781800000,0x0000000781800000,0x0000000781e00000)
  from space 512K, 96% used [0x0000000781e00000,0x0000000781e7c020,0x0000000781e80000)
  to   space 1536K, 0% used [0x0000000782580000,0x0000000782580000,0x0000000782700000)
 ParOldGen       total 5632K, used 1691K [0x0000000704800000, 0x0000000704d80000, 0x0000000781800000)
  object space 5632K, 30% used [0x0000000704800000,0x00000007049a6cf0,0x0000000704d80000)
 Metaspace       used 6842K, capacity 7796K, committed 8064K, reserved 1056768K
  class space    used 841K, capacity 880K, committed 896K, reserved 1048576K
}
Event: 0.838 GC heap before
{Heap before GC invocations=6 (full 0):
 PSYoungGen      total 6656K, used 6620K [0x0000000781800000, 0x0000000782700000, 0x00000007c0000000)
  eden space 6144K, 99% used [0x0000000781800000,0x0000000781dfb1c8,0x0000000781e00000)
  from space 512K, 96% used [0x0000000781e00000,0x0000000781e7c020,0x0000000781e80000)
  to   space 1536K, 0% used [0x0000000782580000,0x0000000782580000,0x0000000782700000)
 ParOldGen       total 5632K, used 1691K [0x0000000704800000, 0x0000000704d80000, 0x0000000781800000)
  object space 5632K, 30% used [0x0000000704800000,0x00000007049a6cf0,0x0000000704d80000)
 Metaspace       used 6846K, capacity 7796K, committed 8064K, reserved 1056768K
  class space    used 841K, capacity 880K, committed 896K, reserved 1048576K
Event: 0.847 GC heap after
Heap after GC invocations=6 (full 0):
 PSYoungGen      total 13824K, used 558K [0x0000000781800000, 0x0000000782700000, 0x00000007c0000000)
  eden space 12288K, 0% used [0x0000000781800000,0x0000000781800000,0x0000000782400000)
  from space 1536K, 36% used [0x0000000782580000,0x000000078260b880,0x0000000782700000)
  to   space 1536K, 0% used [0x0000000782400000,0x0000000782400000,0x0000000782580000)
 ParOldGen       total 5632K, used 1691K [0x0000000704800000, 0x0000000704d80000, 0x0000000781800000)
  object space 5632K, 30% used [0x0000000704800000,0x00000007049a6cf0,0x0000000704d80000)
 Metaspace       used 6846K, capacity 7796K, committed 8064K, reserved 1056768K
  class space    used 841K, capacity 880K, committed 896K, reserved 1048576K
}
Event: 0.915 GC heap before
{Heap before GC invocations=7 (full 0):
 PSYoungGen      total 13824K, used 12846K [0x0000000781800000, 0x0000000782700000, 0x00000007c0000000)
  eden space 12288K, 100% used [0x0000000781800000,0x0000000782400000,0x0000000782400000)
  from space 1536K, 36% used [0x0000000782580000,0x000000078260b880,0x0000000782700000)
  to   space 1536K, 0% used [0x0000000782400000,0x0000000782400000,0x0000000782580000)
 ParOldGen       total 5632K, used 1691K [0x0000000704800000, 0x0000000704d80000, 0x0000000781800000)
  object space 5632K, 30% used [0x0000000704800000,0x00000007049a6cf0,0x0000000704d80000)
 Metaspace       used 6872K, capacity 7796K, committed 8064K, reserved 1056768K
  class space    used 841K, capacity 880K, committed 896K, reserved 1048576K
Event: 0.920 GC heap after
Heap after GC invocations=7 (full 0):
 PSYoungGen      total 13824K, used 1335K [0x0000000781800000, 0x0000000783300000, 0x00000007c0000000)
  eden space 12288K, 0% used [0x0000000781800000,0x0000000781800000,0x0000000782400000)
  from space 1536K, 86% used [0x0000000782400000,0x000000078254dcc8,0x0000000782580000)
  to   space 1536K, 0% used [0x0000000783180000,0x0000000783180000,0x0000000783300000)
 ParOldGen       total 5632K, used 1843K [0x0000000704800000, 0x0000000704d80000, 0x0000000781800000)
  object space 5632K, 32% used [0x0000000704800000,0x00000007049ccd10,0x0000000704d80000)
 Metaspace       used 6872K, capacity 7796K, committed 8064K, reserved 1056768K
  class space    used 841K, capacity 880K, committed 896K, reserved 1048576K
}
Event: 1.138 GC heap before
{Heap before GC invocations=8 (full 0):
 PSYoungGen      total 13824K, used 12257K [0x0000000781800000, 0x0000000783300000, 0x00000007c0000000)
  eden space 12288K, 88% used [0x0000000781800000,0x00000007822aa750,0x0000000782400000)
  from space 1536K, 86% used [0x0000000782400000,0x000000078254dcc8,0x0000000782580000)
  to   space 1536K, 0% used [0x0000000783180000,0x0000000783180000,0x0000000783300000)
 ParOldGen       total 5632K, used 1843K [0x0000000704800000, 0x0000000704d80000, 0x0000000781800000)
  object space 5632K, 32% used [0x0000000704800000,0x00000007049ccd10,0x0000000704d80000)
 Metaspace       used 7336K, capacity 8084K, committed 8448K, reserved 1056768K
  class space    used 882K, capacity 912K, committed 1024K, reserved 1048576K
Event: 1.159 GC heap after
Heap after GC invocations=8 (full 0):
 PSYoungGen      total 25600K, used 1526K [0x0000000781800000, 0x0000000783400000, 0x00000007c0000000)
  eden space 24064K, 0% used [0x0000000781800000,0x0000000781800000,0x0000000782f80000)
  from space 1536K, 99% used [0x0000000783180000,0x00000007832fda48,0x0000000783300000)
  to   space 2048K, 0% used [0x0000000782f80000,0x0000000782f80000,0x0000000783180000)
 ParOldGen       total 5632K, used 2710K [0x0000000704800000, 0x0000000704d80000, 0x0000000781800000)
  object space 5632K, 48% used [0x0000000704800000,0x0000000704aa5878,0x0000000704d80000)
 Metaspace       used 7336K, capacity 8084K, committed 8448K, reserved 1056768K
  class space    used 882K, capacity 912K, committed 1024K, reserved 1048576K
}
Event: 1.574 GC heap before
{Heap before GC invocations=9 (full 0):
 PSYoungGen      total 25600K, used 25590K [0x0000000781800000, 0x0000000783400000, 0x00000007c0000000)
  eden space 24064K, 100% used [0x0000000781800000,0x0000000782f80000,0x0000000782f80000)
  from space 1536K, 99% used [0x0000000783180000,0x00000007832fda48,0x0000000783300000)
  to   space 2048K, 0% used [0x0000000782f80000,0x0000000782f80000,0x0000000783180000)
 ParOldGen       total 5632K, used 2710K [0x0000000704800000, 0x0000000704d80000, 0x0000000781800000)
  object space 5632K, 48% used [0x0000000704800000,0x0000000704aa5878,0x0000000704d80000)
 Metaspace       used 7403K, capacity 8116K, committed 8448K, reserved 1056768K
  class space    used 886K, capacity 944K, committed 1024K, reserved 1048576K
Event: 1.632 GC heap after
Heap after GC invocations=9 (full 0):
 PSYoungGen      total 26112K, used 2041K [0x0000000781800000, 0x0000000784c00000, 0x00000007c0000000)
  eden space 24064K, 0% used [0x0000000781800000,0x0000000781800000,0x0000000782f80000)
  from space 2048K, 99% used [0x0000000782f80000,0x000000078317e498,0x0000000783180000)
  to   space 7168K, 0% used [0x0000000784500000,0x0000000784500000,0x0000000784c00000)
 ParOldGen       total 16896K, used 14657K [0x0000000704800000, 0x0000000705880000, 0x0000000781800000)
  object space 16896K, 86% used [0x0000000704800000,0x00000007056505a8,0x0000000705880000)
 Metaspace       used 7403K, capacity 8116K, committed 8448K, reserved 1056768K
  class space    used 886K, capacity 944K, committed 1024K, reserved 1048576K
}
Event: 1.632 GC heap before
{Heap before GC invocations=10 (full 1):
 PSYoungGen      total 26112K, used 2041K [0x0000000781800000, 0x0000000784c00000, 0x00000007c0000000)
  eden space 24064K, 0% used [0x0000000781800000,0x0000000781800000,0x0000000782f80000)
  from space 2048K, 99% used [0x0000000782f80000,0x000000078317e498,0x0000000783180000)
  to   space 7168K, 0% used [0x0000000784500000,0x0000000784500000,0x0000000784c00000)
 ParOldGen       total 16896K, used 14657K [0x0000000704800000, 0x0000000705880000, 0x0000000781800000)
  object space 16896K, 86% used [0x0000000704800000,0x00000007056505a8,0x0000000705880000)
 Metaspace       used 7403K, capacity 8116K, committed 8448K, reserved 1056768K
  class space    used 886K, capacity 944K, committed 1024K, reserved 1048576K

