# JRE version: Java(TM) SE Runtime Environment (8.0_45-b14) (build 1.8.0_45-b14)
# Java VM: Java HotSpot(TM) 64-Bit Server VM (25.45-b02 mixed mode linux-amd64 compressed oops)
Heap:
 PSYoungGen      total 283648K, used 2352K [0x00000000eab00000, 0x0000000100000000, 0x0000000100000000)
  eden space 217600K, 0% used [0x00000000eab00000,0x00000000eab00000,0x00000000f7f80000)
  from space 66048K, 3% used [0x00000000fbf80000,0x00000000fc1cc3b0,0x0000000100000000)
  to   space 65536K, 0% used [0x00000000f7f80000,0x00000000f7f80000,0x00000000fbf80000)
 ParOldGen       total 699392K, used 121239K [0x00000000c0000000, 0x00000000eab00000, 0x00000000eab00000)
  object space 699392K, 17% used [0x00000000c0000000,0x00000000c7665cc8,0x00000000eab00000)
 Metaspace       used 58121K, capacity 58874K, committed 59096K, reserved 1097728K
  class space    used 10672K, capacity 10921K, committed 11008K, reserved 1048576K
GC Heap History (10 events):
Event: 35.951 GC heap after
Heap after GC invocations=12 (full 2):
 PSYoungGen      total 284672K, used 24160K [0x00000000eab00000, 0x0000000100000000, 0x0000000100000000)
  eden space 218112K, 0% used [0x00000000eab00000,0x00000000eab00000,0x00000000f8000000)
  from space 66560K, 36% used [0x00000000fbf00000,0x00000000fd698010,0x0000000100000000)
  to   space 64512K, 0% used [0x00000000f8000000,0x00000000f8000000,0x00000000fbf00000)
 ParOldGen       total 699392K, used 94522K [0x00000000c0000000, 0x00000000eab00000, 0x00000000eab00000)
  object space 699392K, 13% used [0x00000000c0000000,0x00000000c5c4e888,0x00000000eab00000)
 Metaspace       used 55143K, capacity 55918K, committed 56064K, reserved 1095680K
  class space    used 10152K, capacity 10407K, committed 10496K, reserved 1048576K
}
Event: 36.338 GC heap before
{Heap before GC invocations=13 (full 2):
 PSYoungGen      total 284672K, used 242272K [0x00000000eab00000, 0x0000000100000000, 0x0000000100000000)
  eden space 218112K, 100% used [0x00000000eab00000,0x00000000f8000000,0x00000000f8000000)
  from space 66560K, 36% used [0x00000000fbf00000,0x00000000fd698010,0x0000000100000000)
  to   space 64512K, 0% used [0x00000000f8000000,0x00000000f8000000,0x00000000fbf00000)
 ParOldGen       total 699392K, used 94522K [0x00000000c0000000, 0x00000000eab00000, 0x00000000eab00000)
  object space 699392K, 13% used [0x00000000c0000000,0x00000000c5c4e888,0x00000000eab00000)
 Metaspace       used 55748K, capacity 56622K, committed 56832K, reserved 1095680K
  class space    used 10365K, capacity 10663K, committed 10752K, reserved 1048576K
Event: 36.372 GC heap after
Heap after GC invocations=13 (full 2):
 PSYoungGen      total 282624K, used 7984K [0x00000000eab00000, 0x0000000100000000, 0x0000000100000000)
  eden space 218112K, 0% used [0x00000000eab00000,0x00000000eab00000,0x00000000f8000000)
  from space 64512K, 12% used [0x00000000f8000000,0x00000000f87cc3b8,0x00000000fbf00000)
  to   space 65024K, 0% used [0x00000000fc080000,0x00000000fc080000,0x0000000100000000)
 ParOldGen       total 699392K, used 115562K [0x00000000c0000000, 0x00000000eab00000, 0x00000000eab00000)
  object space 699392K, 16% used [0x00000000c0000000,0x00000000c70da898,0x00000000eab00000)
 Metaspace       used 55748K, capacity 56622K, committed 56832K, reserved 1095680K
  class space    used 10365K, capacity 10663K, committed 10752K, reserved 1048576K
}
Event: 37.552 GC heap before
{Heap before GC invocations=14 (full 2):
 PSYoungGen      total 282624K, used 226096K [0x00000000eab00000, 0x0000000100000000, 0x0000000100000000)
  eden space 218112K, 100% used [0x00000000eab00000,0x00000000f8000000,0x00000000f8000000)
  from space 64512K, 12% used [0x00000000f8000000,0x00000000f87cc3b8,0x00000000fbf00000)
  to   space 65024K, 0% used [0x00000000fc080000,0x00000000fc080000,0x0000000100000000)
 ParOldGen       total 699392K, used 115562K [0x00000000c0000000, 0x00000000eab00000, 0x00000000eab00000)
  object space 699392K, 16% used [0x00000000c0000000,0x00000000c70da898,0x00000000eab00000)
 Metaspace       used 55927K, capacity 56762K, committed 57088K, reserved 1095680K
  class space    used 10383K, capacity 10665K, committed 10752K, reserved 1048576K
Event: 37.563 GC heap after
Heap after GC invocations=14 (full 2):
 PSYoungGen      total 283136K, used 6173K [0x00000000eab00000, 0x0000000100000000, 0x0000000100000000)
  eden space 218112K, 0% used [0x00000000eab00000,0x00000000eab00000,0x00000000f8000000)
  from space 65024K, 9% used [0x00000000fc080000,0x00000000fc687650,0x0000000100000000)
  to   space 65536K, 0% used [0x00000000f8000000,0x00000000f8000000,0x00000000fc000000)
 ParOldGen       total 699392K, used 117938K [0x00000000c0000000, 0x00000000eab00000, 0x00000000eab00000)
  object space 699392K, 16% used [0x00000000c0000000,0x00000000c732c898,0x00000000eab00000)
 Metaspace       used 55927K, capacity 56762K, committed 57088K, reserved 1095680K
  class space    used 10383K, capacity 10665K, committed 10752K, reserved 1048576K
}
Event: 37.924 GC heap before
{Heap before GC invocations=15 (full 2):
 PSYoungGen      total 283136K, used 224285K [0x00000000eab00000, 0x0000000100000000, 0x0000000100000000)
  eden space 218112K, 100% used [0x00000000eab00000,0x00000000f8000000,0x00000000f8000000)
  from space 65024K, 9% used [0x00000000fc080000,0x00000000fc687650,0x0000000100000000)
  to   space 65536K, 0% used [0x00000000f8000000,0x00000000f8000000,0x00000000fc000000)
 ParOldGen       total 699392K, used 117938K [0x00000000c0000000, 0x00000000eab00000, 0x00000000eab00000)
  object space 699392K, 16% used [0x00000000c0000000,0x00000000c732c898,0x00000000eab00000)
 Metaspace       used 56026K, capacity 56826K, committed 57088K, reserved 1095680K
  class space    used 10402K, capacity 10665K, committed 10752K, reserved 1048576K
Event: 37.933 GC heap after
Heap after GC invocations=15 (full 2):
 PSYoungGen      total 219136K, used 624K [0x00000000eab00000, 0x0000000100000000, 0x0000000100000000)
  eden space 218112K, 0% used [0x00000000eab00000,0x00000000eab00000,0x00000000f8000000)
  from space 1024K, 60% used [0x00000000f8000000,0x00000000f809c010,0x00000000f8100000)
  to   space 66048K, 0% used [0x00000000fbf80000,0x00000000fbf80000,0x0000000100000000)
 ParOldGen       total 699392K, used 120935K [0x00000000c0000000, 0x00000000eab00000, 0x00000000eab00000)
  object space 699392K, 17% used [0x00000000c0000000,0x00000000c7619ca8,0x00000000eab00000)
 Metaspace       used 56026K, capacity 56826K, committed 57088K, reserved 1095680K
  class space    used 10402K, capacity 10665K, committed 10752K, reserved 1048576K
}
Event: 38.251 GC heap before
{Heap before GC invocations=16 (full 2):
 PSYoungGen      total 219136K, used 194120K [0x00000000eab00000, 0x0000000100000000, 0x0000000100000000)
  eden space 218112K, 88% used [0x00000000eab00000,0x00000000f67f6370,0x00000000f8000000)
  from space 1024K, 60% used [0x00000000f8000000,0x00000000f809c010,0x00000000f8100000)
  to   space 66048K, 0% used [0x00000000fbf80000,0x00000000fbf80000,0x0000000100000000)
 ParOldGen       total 699392K, used 120935K [0x00000000c0000000, 0x00000000eab00000, 0x00000000eab00000)
  object space 699392K, 17% used [0x00000000c0000000,0x00000000c7619ca8,0x00000000eab00000)
 Metaspace       used 58121K, capacity 58874K, committed 59096K, reserved 1097728K
  class space    used 10672K, capacity 10921K, committed 11008K, reserved 1048576K
Event: 38.256 GC heap after
Heap after GC invocations=16 (full 2):
 PSYoungGen      total 283648K, used 2352K [0x00000000eab00000, 0x0000000100000000, 0x0000000100000000)
  eden space 217600K, 0% used [0x00000000eab00000,0x00000000eab00000,0x00000000f7f80000)
  from space 66048K, 3% used [0x00000000fbf80000,0x00000000fc1cc3b0,0x0000000100000000)
  to   space 65536K, 0% used [0x00000000f7f80000,0x00000000f7f80000,0x00000000fbf80000)
 ParOldGen       total 699392K, used 121239K [0x00000000c0000000, 0x00000000eab00000, 0x00000000eab00000)
  object space 699392K, 17% used [0x00000000c0000000,0x00000000c7665cc8,0x00000000eab00000)
 Metaspace       used 58121K, capacity 58874K, committed 59096K, reserved 1097728K
  class space    used 10672K, capacity 10921K, committed 11008K, reserved 1048576K
}
Event: 38.256 GC heap before
{Heap before GC invocations=17 (full 3):
 PSYoungGen      total 283648K, used 2352K [0x00000000eab00000, 0x0000000100000000, 0x0000000100000000)
  eden space 217600K, 0% used [0x00000000eab00000,0x00000000eab00000,0x00000000f7f80000)
  from space 66048K, 3% used [0x00000000fbf80000,0x00000000fc1cc3b0,0x0000000100000000)
  to   space 65536K, 0% used [0x00000000f7f80000,0x00000000f7f80000,0x00000000fbf80000)
 ParOldGen       total 699392K, used 121239K [0x00000000c0000000, 0x00000000eab00000, 0x00000000eab00000)
  object space 699392K, 17% used [0x00000000c0000000,0x00000000c7665cc8,0x00000000eab00000)
 Metaspace       used 58121K, capacity 58874K, committed 59096K, reserved 1097728K
  class space    used 10672K, capacity 10921K, committed 11008K, reserved 1048576K

