# JRE version: Java(TM) SE Runtime Environment (8.0_45-b14) (build 1.8.0_45-b14)
# Java VM: Java HotSpot(TM) 64-Bit Server VM (25.45-b02 mixed mode linux-amd64 compressed oops)
Heap:
 PSYoungGen      total 289280K, used 0K [0x00000000eab00000, 0x0000000100000000, 0x0000000100000000)
  eden space 257536K, 0% used [0x00000000eab00000,0x00000000eab00000,0x00000000fa680000)
  from space 31744K, 0% used [0x00000000fa680000,0x00000000fa680000,0x00000000fc580000)
  to   space 48640K, 0% used [0x00000000fd080000,0x00000000fd080000,0x0000000100000000)
 ParOldGen       total 699392K, used 493785K [0x00000000c0000000, 0x00000000eab00000, 0x00000000eab00000)
  object space 699392K, 70% used [0x00000000c0000000,0x00000000de236528,0x00000000eab00000)
 Metaspace       used 76954K, capacity 77792K, committed 78376K, reserved 1114112K
  class space    used 13714K, capacity 13987K, committed 14120K, reserved 1048576K
GC Heap History (10 events):
Event: 101.180 GC heap after
Heap after GC invocations=130 (full 3):
 PSYoungGen      total 290304K, used 6869K [0x00000000eab00000, 0x0000000100000000, 0x0000000100000000)
  eden space 234496K, 0% used [0x00000000eab00000,0x00000000eab00000,0x00000000f9000000)
  from space 55808K, 12% used [0x00000000f9000000,0x00000000f96b57d0,0x00000000fc680000)
  to   space 52736K, 0% used [0x00000000fcc80000,0x00000000fcc80000,0x0000000100000000)
 ParOldGen       total 699392K, used 662361K [0x00000000c0000000, 0x00000000eab00000, 0x00000000eab00000)
  object space 699392K, 94% used [0x00000000c0000000,0x00000000e86d64b0,0x00000000eab00000)
 Metaspace       used 76891K, capacity 77752K, committed 78376K, reserved 1114112K
  class space    used 13715K, capacity 13995K, committed 14120K, reserved 1048576K
}
Event: 101.745 GC heap before
{Heap before GC invocations=131 (full 3):
 PSYoungGen      total 290304K, used 241365K [0x00000000eab00000, 0x0000000100000000, 0x0000000100000000)
  eden space 234496K, 100% used [0x00000000eab00000,0x00000000f9000000,0x00000000f9000000)
  from space 55808K, 12% used [0x00000000f9000000,0x00000000f96b57d0,0x00000000fc680000)
  to   space 52736K, 0% used [0x00000000fcc80000,0x00000000fcc80000,0x0000000100000000)
 ParOldGen       total 699392K, used 662361K [0x00000000c0000000, 0x00000000eab00000, 0x00000000eab00000)
  object space 699392K, 94% used [0x00000000c0000000,0x00000000e86d64b0,0x00000000eab00000)
 Metaspace       used 76945K, capacity 77816K, committed 78376K, reserved 1114112K
  class space    used 13720K, capacity 13995K, committed 14120K, reserved 1048576K
Event: 101.765 GC heap after
Heap after GC invocations=131 (full 3):
 PSYoungGen      total 299520K, used 7972K [0x00000000eab00000, 0x0000000100000000, 0x0000000100000000)
  eden space 246784K, 0% used [0x00000000eab00000,0x00000000eab00000,0x00000000f9c00000)
  from space 52736K, 15% used [0x00000000fcc80000,0x00000000fd449308,0x0000000100000000)
  to   space 49664K, 0% used [0x00000000f9c00000,0x00000000f9c00000,0x00000000fcc80000)
 ParOldGen       total 699392K, used 667708K [0x00000000c0000000, 0x00000000eab00000, 0x00000000eab00000)
  object space 699392K, 95% used [0x00000000c0000000,0x00000000e8c0f270,0x00000000eab00000)
 Metaspace       used 76945K, capacity 77816K, committed 78376K, reserved 1114112K
  class space    used 13720K, capacity 13995K, committed 14120K, reserved 1048576K
}
Event: 102.384 GC heap before
{Heap before GC invocations=132 (full 3):
 PSYoungGen      total 299520K, used 254756K [0x00000000eab00000, 0x0000000100000000, 0x0000000100000000)
  eden space 246784K, 100% used [0x00000000eab00000,0x00000000f9c00000,0x00000000f9c00000)
  from space 52736K, 15% used [0x00000000fcc80000,0x00000000fd449308,0x0000000100000000)
  to   space 49664K, 0% used [0x00000000f9c00000,0x00000000f9c00000,0x00000000fcc80000)
 ParOldGen       total 699392K, used 667708K [0x00000000c0000000, 0x00000000eab00000, 0x00000000eab00000)
  object space 699392K, 95% used [0x00000000c0000000,0x00000000e8c0f270,0x00000000eab00000)
 Metaspace       used 76964K, capacity 77816K, committed 78376K, reserved 1114112K
  class space    used 13720K, capacity 13995K, committed 14120K, reserved 1048576K
Event: 102.402 GC heap after
Heap after GC invocations=132 (full 3):
 PSYoungGen      total 296448K, used 7254K [0x00000000eab00000, 0x0000000100000000, 0x0000000100000000)
  eden space 246784K, 0% used [0x00000000eab00000,0x00000000eab00000,0x00000000f9c00000)
  from space 49664K, 14% used [0x00000000f9c00000,0x00000000fa315b38,0x00000000fcc80000)
  to   space 47104K, 0% used [0x00000000fd200000,0x00000000fd200000,0x0000000100000000)
 ParOldGen       total 699392K, used 673737K [0x00000000c0000000, 0x00000000eab00000, 0x00000000eab00000)
  object space 699392K, 96% used [0x00000000c0000000,0x00000000e91f27d8,0x00000000eab00000)
 Metaspace       used 76964K, capacity 77816K, committed 78376K, reserved 1114112K
  class space    used 13720K, capacity 13995K, committed 14120K, reserved 1048576K
}
Event: 102.769 GC heap before
{Heap before GC invocations=133 (full 3):
 PSYoungGen      total 296448K, used 254038K [0x00000000eab00000, 0x0000000100000000, 0x0000000100000000)
  eden space 246784K, 100% used [0x00000000eab00000,0x00000000f9c00000,0x00000000f9c00000)
  from space 49664K, 14% used [0x00000000f9c00000,0x00000000fa315b38,0x00000000fcc80000)
  to   space 47104K, 0% used [0x00000000fd200000,0x00000000fd200000,0x0000000100000000)
 ParOldGen       total 699392K, used 673737K [0x00000000c0000000, 0x00000000eab00000, 0x00000000eab00000)
  object space 699392K, 96% used [0x00000000c0000000,0x00000000e91f27d8,0x00000000eab00000)
 Metaspace       used 76992K, capacity 77880K, committed 78376K, reserved 1114112K
  class space    used 13722K, capacity 13995K, committed 14120K, reserved 1048576K
Event: 102.791 GC heap after
Heap after GC invocations=133 (full 3):
 PSYoungGen      total 304640K, used 7188K [0x00000000eab00000, 0x0000000100000000, 0x0000000100000000)
  eden space 257536K, 0% used [0x00000000eab00000,0x00000000eab00000,0x00000000fa680000)
  from space 47104K, 15% used [0x00000000fd200000,0x00000000fd905098,0x0000000100000000)
  to   space 44544K, 0% used [0x00000000fa680000,0x00000000fa680000,0x00000000fd200000)
 ParOldGen       total 699392K, used 679202K [0x00000000c0000000, 0x00000000eab00000, 0x00000000eab00000)
  object space 699392K, 97% used [0x00000000c0000000,0x00000000e9748ad0,0x00000000eab00000)
 Metaspace       used 76992K, capacity 77880K, committed 78376K, reserved 1114112K
  class space    used 13722K, capacity 13995K, committed 14120K, reserved 1048576K
}
Event: 103.100 GC heap before
{Heap before GC invocations=134 (full 3):
 PSYoungGen      total 304640K, used 264724K [0x00000000eab00000, 0x0000000100000000, 0x0000000100000000)
  eden space 257536K, 100% used [0x00000000eab00000,0x00000000fa680000,0x00000000fa680000)
  from space 47104K, 15% used [0x00000000fd200000,0x00000000fd905098,0x0000000100000000)
  to   space 44544K, 0% used [0x00000000fa680000,0x00000000fa680000,0x00000000fd200000)
 ParOldGen       total 699392K, used 679202K [0x00000000c0000000, 0x00000000eab00000, 0x00000000eab00000)
  object space 699392K, 97% used [0x00000000c0000000,0x00000000e9748ad0,0x00000000eab00000)
 Metaspace       used 77027K, capacity 77912K, committed 78376K, reserved 1114112K
  class space    used 13723K, capacity 14027K, committed 14120K, reserved 1048576K
Event: 103.126 GC heap after
Heap after GC invocations=134 (full 3):
 PSYoungGen      total 289280K, used 31592K [0x00000000eab00000, 0x0000000100000000, 0x0000000100000000)
  eden space 257536K, 0% used [0x00000000eab00000,0x00000000eab00000,0x00000000fa680000)
  from space 31744K, 99% used [0x00000000fa680000,0x00000000fc55a0d0,0x00000000fc580000)
  to   space 48640K, 0% used [0x00000000fd080000,0x00000000fd080000,0x0000000100000000)
 ParOldGen       total 699392K, used 684810K [0x00000000c0000000, 0x00000000eab00000, 0x00000000eab00000)
  object space 699392K, 97% used [0x00000000c0000000,0x00000000e9cc29c8,0x00000000eab00000)
 Metaspace       used 77027K, capacity 77912K, committed 78376K, reserved 1114112K
  class space    used 13723K, capacity 14027K, committed 14120K, reserved 1048576K
}
Event: 103.126 GC heap before
{Heap before GC invocations=135 (full 4):
 PSYoungGen      total 289280K, used 31592K [0x00000000eab00000, 0x0000000100000000, 0x0000000100000000)
  eden space 257536K, 0% used [0x00000000eab00000,0x00000000eab00000,0x00000000fa680000)
  from space 31744K, 99% used [0x00000000fa680000,0x00000000fc55a0d0,0x00000000fc580000)
  to   space 48640K, 0% used [0x00000000fd080000,0x00000000fd080000,0x0000000100000000)
 ParOldGen       total 699392K, used 684810K [0x00000000c0000000, 0x00000000eab00000, 0x00000000eab00000)
  object space 699392K, 97% used [0x00000000c0000000,0x00000000e9cc29c8,0x00000000eab00000)
 Metaspace       used 77027K, capacity 77912K, committed 78376K, reserved 1114112K
  class space    used 13723K, capacity 14027K, committed 14120K, reserved 1048576K

