# JRE version: Java(TM) SE Runtime Environment (8.0_45-b14) (build 1.8.0_45-b14)
# Java VM: Java HotSpot(TM) 64-Bit Server VM (25.45-b02 mixed mode linux-amd64 compressed oops)
Heap:
 PSYoungGen      total 25600K, used 3062K [0x0000000781800000, 0x0000000783400000, 0x00000007c0000000)
  eden space 24064K, 6% used [0x0000000781800000,0x0000000781980338,0x0000000782f80000)
  from space 1536K, 99% used [0x0000000783180000,0x00000007832fd780,0x0000000783300000)
  to   space 2048K, 0% used [0x0000000782f80000,0x0000000782f80000,0x0000000783180000)
 ParOldGen       total 5632K, used 2948K [0x0000000704800000, 0x0000000704d80000, 0x0000000781800000)
  object space 5632K, 52% used [0x0000000704800000,0x0000000704ae10d8,0x0000000704d80000)
 Metaspace       used 7322K, capacity 8084K, committed 8448K, reserved 1056768K
  class space    used 882K, capacity 912K, committed 1024K, reserved 1048576K
GC Heap History (10 events):
Event: 0.289 GC heap before
{Heap before GC invocations=4 (full 0):
 PSYoungGen      total 3584K, used 3546K [0x0000000781800000, 0x0000000781f00000, 0x00000007c0000000)
  eden space 3072K, 99% used [0x0000000781800000,0x0000000781afaec0,0x0000000781b00000)
  from space 512K, 96% used [0x0000000781b00000,0x0000000781b7bc20,0x0000000781b80000)
  to   space 512K, 0% used [0x0000000781e80000,0x0000000781e80000,0x0000000781f00000)
 ParOldGen       total 5632K, used 787K [0x0000000704800000, 0x0000000704d80000, 0x0000000781800000)
  object space 5632K, 13% used [0x0000000704800000,0x00000007048c4de0,0x0000000704d80000)
 Metaspace       used 6183K, capacity 7308K, committed 7552K, reserved 1056768K
  class space    used 765K, capacity 776K, committed 896K, reserved 1048576K
Event: 0.290 GC heap after
Heap after GC invocations=4 (full 0):
 PSYoungGen      total 6656K, used 495K [0x0000000781800000, 0x0000000781f00000, 0x00000007c0000000)
  eden space 6144K, 0% used [0x0000000781800000,0x0000000781800000,0x0000000781e00000)
  from space 512K, 96% used [0x0000000781e80000,0x0000000781efbc20,0x0000000781f00000)
  to   space 512K, 0% used [0x0000000781e00000,0x0000000781e00000,0x0000000781e80000)
 ParOldGen       total 5632K, used 1107K [0x0000000704800000, 0x0000000704d80000, 0x0000000781800000)
  object space 5632K, 19% used [0x0000000704800000,0x0000000704914de0,0x0000000704d80000)
 Metaspace       used 6183K, capacity 7308K, committed 7552K, reserved 1056768K
  class space    used 765K, capacity 776K, committed 896K, reserved 1048576K
}
Event: 0.381 GC heap before
{Heap before GC invocations=5 (full 0):
 PSYoungGen      total 6656K, used 6639K [0x0000000781800000, 0x0000000781f00000, 0x00000007c0000000)
  eden space 6144K, 100% used [0x0000000781800000,0x0000000781e00000,0x0000000781e00000)
  from space 512K, 96% used [0x0000000781e80000,0x0000000781efbc20,0x0000000781f00000)
  to   space 512K, 0% used [0x0000000781e00000,0x0000000781e00000,0x0000000781e80000)
 ParOldGen       total 5632K, used 1107K [0x0000000704800000, 0x0000000704d80000, 0x0000000781800000)
  object space 5632K, 19% used [0x0000000704800000,0x0000000704914de0,0x0000000704d80000)
 Metaspace       used 6836K, capacity 7796K, committed 8064K, reserved 1056768K
  class space    used 841K, capacity 880K, committed 896K, reserved 1048576K
Event: 0.385 GC heap after
Heap after GC invocations=5 (full 0):
 PSYoungGen      total 6656K, used 496K [0x0000000781800000, 0x0000000782700000, 0x00000007c0000000)
  eden space 6144K, 0% used [0x0000000781800000,0x0000000781800000,0x0000000781e00000)
  from space 512K, 96% used [0x0000000781e00000,0x0000000781e7c030,0x0000000781e80000)
  to   space 1536K, 0% used [0x0000000782580000,0x0000000782580000,0x0000000782700000)
 ParOldGen       total 5632K, used 1792K [0x0000000704800000, 0x0000000704d80000, 0x0000000781800000)
  object space 5632K, 31% used [0x0000000704800000,0x00000007049c0388,0x0000000704d80000)
 Metaspace       used 6836K, capacity 7796K, committed 8064K, reserved 1056768K
  class space    used 841K, capacity 880K, committed 896K, reserved 1048576K
}
Event: 0.387 GC heap before
{Heap before GC invocations=6 (full 0):
 PSYoungGen      total 6656K, used 6626K [0x0000000781800000, 0x0000000782700000, 0x00000007c0000000)
  eden space 6144K, 99% used [0x0000000781800000,0x0000000781dfc818,0x0000000781e00000)
  from space 512K, 96% used [0x0000000781e00000,0x0000000781e7c030,0x0000000781e80000)
  to   space 1536K, 0% used [0x0000000782580000,0x0000000782580000,0x0000000782700000)
 ParOldGen       total 5632K, used 1792K [0x0000000704800000, 0x0000000704d80000, 0x0000000781800000)
  object space 5632K, 31% used [0x0000000704800000,0x00000007049c0388,0x0000000704d80000)
 Metaspace       used 6837K, capacity 7796K, committed 8064K, reserved 1056768K
  class space    used 841K, capacity 880K, committed 896K, reserved 1048576K
Event: 0.393 GC heap after
Heap after GC invocations=6 (full 0):
 PSYoungGen      total 13824K, used 605K [0x0000000781800000, 0x0000000782700000, 0x00000007c0000000)
  eden space 12288K, 0% used [0x0000000781800000,0x0000000781800000,0x0000000782400000)
  from space 1536K, 39% used [0x0000000782580000,0x0000000782617720,0x0000000782700000)
  to   space 1536K, 0% used [0x0000000782400000,0x0000000782400000,0x0000000782580000)
 ParOldGen       total 5632K, used 1792K [0x0000000704800000, 0x0000000704d80000, 0x0000000781800000)
  object space 5632K, 31% used [0x0000000704800000,0x00000007049c0388,0x0000000704d80000)
 Metaspace       used 6837K, capacity 7796K, committed 8064K, reserved 1056768K
  class space    used 841K, capacity 880K, committed 896K, reserved 1048576K
}
Event: 0.424 GC heap before
{Heap before GC invocations=7 (full 0):
 PSYoungGen      total 13824K, used 12893K [0x0000000781800000, 0x0000000782700000, 0x00000007c0000000)
  eden space 12288K, 100% used [0x0000000781800000,0x0000000782400000,0x0000000782400000)
  from space 1536K, 39% used [0x0000000782580000,0x0000000782617720,0x0000000782700000)
  to   space 1536K, 0% used [0x0000000782400000,0x0000000782400000,0x0000000782580000)
 ParOldGen       total 5632K, used 1792K [0x0000000704800000, 0x0000000704d80000, 0x0000000781800000)
  object space 5632K, 31% used [0x0000000704800000,0x00000007049c0388,0x0000000704d80000)
 Metaspace       used 6864K, capacity 7796K, committed 8064K, reserved 1056768K
  class space    used 841K, capacity 880K, committed 896K, reserved 1048576K
Event: 0.433 GC heap after
Heap after GC invocations=7 (full 0):
 PSYoungGen      total 13824K, used 1135K [0x0000000781800000, 0x0000000783300000, 0x00000007c0000000)
  eden space 12288K, 0% used [0x0000000781800000,0x0000000781800000,0x0000000782400000)
  from space 1536K, 73% used [0x0000000782400000,0x000000078251be38,0x0000000782580000)
  to   space 1536K, 0% used [0x0000000783180000,0x0000000783180000,0x0000000783300000)
 ParOldGen       total 5632K, used 2045K [0x0000000704800000, 0x0000000704d80000, 0x0000000781800000)
  object space 5632K, 36% used [0x0000000704800000,0x00000007049ff6e0,0x0000000704d80000)
 Metaspace       used 6864K, capacity 7796K, committed 8064K, reserved 1056768K
  class space    used 841K, capacity 880K, committed 896K, reserved 1048576K
}
Event: 0.659 GC heap before
{Heap before GC invocations=8 (full 0):
 PSYoungGen      total 13824K, used 12141K [0x0000000781800000, 0x0000000783300000, 0x00000007c0000000)
  eden space 12288K, 89% used [0x0000000781800000,0x00000007822bf7c0,0x0000000782400000)
  from space 1536K, 73% used [0x0000000782400000,0x000000078251be38,0x0000000782580000)
  to   space 1536K, 0% used [0x0000000783180000,0x0000000783180000,0x0000000783300000)
 ParOldGen       total 5632K, used 2045K [0x0000000704800000, 0x0000000704d80000, 0x0000000781800000)
  object space 5632K, 36% used [0x0000000704800000,0x00000007049ff6e0,0x0000000704d80000)
 Metaspace       used 7322K, capacity 8084K, committed 8448K, reserved 1056768K
  class space    used 882K, capacity 912K, committed 1024K, reserved 1048576K
Event: 0.671 GC heap after
Heap after GC invocations=8 (full 0):
 PSYoungGen      total 25600K, used 1525K [0x0000000781800000, 0x0000000783400000, 0x00000007c0000000)
  eden space 24064K, 0% used [0x0000000781800000,0x0000000781800000,0x0000000782f80000)
  from space 1536K, 99% used [0x0000000783180000,0x00000007832fd780,0x0000000783300000)
  to   space 2048K, 0% used [0x0000000782f80000,0x0000000782f80000,0x0000000783180000)
 ParOldGen       total 5632K, used 2948K [0x0000000704800000, 0x0000000704d80000, 0x0000000781800000)
  object space 5632K, 52% used [0x0000000704800000,0x0000000704ae10d8,0x0000000704d80000)
 Metaspace       used 7322K, capacity 8084K, committed 8448K, reserved 1056768K
  class space    used 882K, capacity 912K, committed 1024K, reserved 1048576K
}

