# JRE version: Java(TM) SE Runtime Environment (8.0_271-b09) (build 1.8.0_271-b09)
# Java VM: Java HotSpot(TM) 64-Bit Server VM (25.271-b09 mixed mode bsd-amd64 compressed oops)
Heap:
 PSYoungGen      total 1088512K, used 909203K [0x000000076ab00000, 0x00000007be200000, 0x00000007c0000000)
  eden space 855040K, 100% used [0x000000076ab00000,0x000000079ee00000,0x000000079ee00000)
  from space 233472K, 23% used [0x00000007afe00000,0x00000007b32e4f70,0x00000007be200000)
  to   space 256000K, 3% used [0x000000079ee00000,0x000000079f608940,0x00000007ae800000)
 ParOldGen       total 2796544K, used 2482201K [0x00000006c0000000, 0x000000076ab00000, 0x000000076ab00000)
  object space 2796544K, 88% used [0x00000006c0000000,0x00000007578085d8,0x000000076ab00000)
 Metaspace       used 785513K, capacity 845429K, committed 845696K, reserved 1771520K
  class space    used 118166K, capacity 122663K, committed 122752K, reserved 1048576K
GC Heap History (10 events):
Event: 1519.553 GC heap after
Heap after GC invocations=173 (full 11):
 PSYoungGen      total 916992K, used 133629K [0x000000076ab00000, 0x00000007c0000000, 0x00000007c0000000)
  eden space 783360K, 0% used [0x000000076ab00000,0x000000076ab00000,0x000000079a800000)
  from space 133632K, 99% used [0x00000007b7d80000,0x00000007bffff788,0x00000007c0000000)
  to   space 307200K, 0% used [0x000000079a800000,0x000000079a800000,0x00000007ad400000)
 ParOldGen       total 2796544K, used 2134919K [0x00000006c0000000, 0x000000076ab00000, 0x000000076ab00000)
  object space 2796544K, 76% used [0x00000006c0000000,0x00000007424e1e48,0x000000076ab00000)
 Metaspace       used 776910K, capacity 835989K, committed 836224K, reserved 1763328K
  class space    used 116876K, capacity 121352K, committed 121472K, reserved 1048576K
}
Event: 1523.453 GC heap before
{Heap before GC invocations=174 (full 11):
 PSYoungGen      total 916992K, used 916989K [0x000000076ab00000, 0x00000007c0000000, 0x00000007c0000000)
  eden space 783360K, 100% used [0x000000076ab00000,0x000000079a800000,0x000000079a800000)
  from space 133632K, 99% used [0x00000007b7d80000,0x00000007bffff788,0x00000007c0000000)
  to   space 307200K, 0% used [0x000000079a800000,0x000000079a800000,0x00000007ad400000)
 ParOldGen       total 2796544K, used 2134919K [0x00000006c0000000, 0x000000076ab00000, 0x000000076ab00000)
  object space 2796544K, 76% used [0x00000006c0000000,0x00000007424e1e48,0x000000076ab00000)
 Metaspace       used 777622K, capacity 836833K, committed 836992K, reserved 1765376K
  class space    used 116987K, capacity 121442K, committed 121472K, reserved 1048576K
Event: 1523.712 GC heap after
Heap after GC invocations=174 (full 11):
 PSYoungGen      total 1090560K, used 89589K [0x000000076ab00000, 0x00000007c0000000, 0x00000007c0000000)
  eden space 783360K, 0% used [0x000000076ab00000,0x000000076ab00000,0x000000079a800000)
  from space 307200K, 29% used [0x000000079a800000,0x000000079ff7d678,0x00000007ad400000)
  to   space 290304K, 0% used [0x00000007ae480000,0x00000007ae480000,0x00000007c0000000)
 ParOldGen       total 2796544K, used 2266268K [0x00000006c0000000, 0x000000076ab00000, 0x000000076ab00000)
  object space 2796544K, 81% used [0x00000006c0000000,0x000000074a5272f0,0x000000076ab00000)
 Metaspace       used 777622K, capacity 836833K, committed 836992K, reserved 1765376K
  class space    used 116987K, capacity 121442K, committed 121472K, reserved 1048576K
}
Event: 1528.464 GC heap before
{Heap before GC invocations=175 (full 11):
 PSYoungGen      total 1090560K, used 872949K [0x000000076ab00000, 0x00000007c0000000, 0x00000007c0000000)
  eden space 783360K, 100% used [0x000000076ab00000,0x000000079a800000,0x000000079a800000)
  from space 307200K, 29% used [0x000000079a800000,0x000000079ff7d678,0x00000007ad400000)
  to   space 290304K, 0% used [0x00000007ae480000,0x00000007ae480000,0x00000007c0000000)
 ParOldGen       total 2796544K, used 2266268K [0x00000006c0000000, 0x000000076ab00000, 0x000000076ab00000)
  object space 2796544K, 81% used [0x00000006c0000000,0x000000074a5272f0,0x000000076ab00000)
 Metaspace       used 778512K, capacity 837949K, committed 838144K, reserved 1765376K
  class space    used 117125K, capacity 121589K, committed 121600K, reserved 1048576K
Event: 1528.635 GC heap after
Heap after GC invocations=175 (full 11):
 PSYoungGen      total 1050112K, used 69356K [0x000000076ab00000, 0x00000007bd880000, 0x00000007c0000000)
  eden space 800256K, 0% used [0x000000076ab00000,0x000000076ab00000,0x000000079b880000)
  from space 249856K, 27% used [0x00000007ae480000,0x00000007b283b3d8,0x00000007bd880000)
  to   space 278528K, 0% used [0x000000079b880000,0x000000079b880000,0x00000007ac880000)
 ParOldGen       total 2796544K, used 2344984K [0x00000006c0000000, 0x000000076ab00000, 0x000000076ab00000)
  object space 2796544K, 83% used [0x00000006c0000000,0x000000074f206308,0x000000076ab00000)
 Metaspace       used 778512K, capacity 837949K, committed 838144K, reserved 1765376K
  class space    used 117125K, capacity 121589K, committed 121600K, reserved 1048576K
}
Event: 1534.343 GC heap before
{Heap before GC invocations=176 (full 11):
 PSYoungGen      total 1050112K, used 869612K [0x000000076ab00000, 0x00000007bd880000, 0x00000007c0000000)
  eden space 800256K, 100% used [0x000000076ab00000,0x000000079b880000,0x000000079b880000)
  from space 249856K, 27% used [0x00000007ae480000,0x00000007b283b3d8,0x00000007bd880000)
  to   space 278528K, 0% used [0x000000079b880000,0x000000079b880000,0x00000007ac880000)
 ParOldGen       total 2796544K, used 2344984K [0x00000006c0000000, 0x000000076ab00000, 0x000000076ab00000)
  object space 2796544K, 83% used [0x00000006c0000000,0x000000074f206308,0x000000076ab00000)
 Metaspace       used 785378K, capacity 845317K, committed 845440K, reserved 1771520K
  class space    used 118159K, capacity 122655K, committed 122752K, reserved 1048576K
Event: 1534.496 GC heap after
Heap after GC invocations=176 (full 11):
 PSYoungGen      total 1078784K, used 84536K [0x000000076ab00000, 0x00000007c0000000, 0x00000007c0000000)
  eden space 800256K, 0% used [0x000000076ab00000,0x000000076ab00000,0x000000079b880000)
  from space 278528K, 30% used [0x000000079b880000,0x00000007a0b0e168,0x00000007ac880000)
  to   space 264192K, 0% used [0x00000007afe00000,0x00000007afe00000,0x00000007c0000000)
 ParOldGen       total 2796544K, used 2398499K [0x00000006c0000000, 0x000000076ab00000, 0x000000076ab00000)
  object space 2796544K, 85% used [0x00000006c0000000,0x0000000752648e80,0x000000076ab00000)
 Metaspace       used 785378K, capacity 845317K, committed 845440K, reserved 1771520K
  class space    used 118159K, capacity 122655K, committed 122752K, reserved 1048576K
}
Event: 1539.469 GC heap before
{Heap before GC invocations=177 (full 11):
 PSYoungGen      total 1078784K, used 884792K [0x000000076ab00000, 0x00000007c0000000, 0x00000007c0000000)
  eden space 800256K, 100% used [0x000000076ab00000,0x000000079b880000,0x000000079b880000)
  from space 278528K, 30% used [0x000000079b880000,0x00000007a0b0e168,0x00000007ac880000)
  to   space 264192K, 0% used [0x00000007afe00000,0x00000007afe00000,0x00000007c0000000)
 ParOldGen       total 2796544K, used 2398499K [0x00000006c0000000, 0x000000076ab00000, 0x000000076ab00000)
  object space 2796544K, 85% used [0x00000006c0000000,0x0000000752648e80,0x000000076ab00000)
 Metaspace       used 785507K, capacity 845429K, committed 845696K, reserved 1771520K
  class space    used 118166K, capacity 122663K, committed 122752K, reserved 1048576K
Event: 1539.570 GC heap after
Heap after GC invocations=177 (full 11):
 PSYoungGen      total 1088512K, used 54163K [0x000000076ab00000, 0x00000007be200000, 0x00000007c0000000)
  eden space 855040K, 0% used [0x000000076ab00000,0x000000076ab00000,0x000000079ee00000)
  from space 233472K, 23% used [0x00000007afe00000,0x00000007b32e4f70,0x00000007be200000)
  to   space 256000K, 0% used [0x000000079ee00000,0x000000079ee00000,0x00000007ae800000)
 ParOldGen       total 2796544K, used 2462005K [0x00000006c0000000, 0x000000076ab00000, 0x000000076ab00000)
  object space 2796544K, 88% used [0x00000006c0000000,0x000000075644d500,0x000000076ab00000)
 Metaspace       used 785507K, capacity 845429K, committed 845696K, reserved 1771520K
  class space    used 118166K, capacity 122663K, committed 122752K, reserved 1048576K
}
Event: 1542.235 GC heap before
{Heap before GC invocations=178 (full 11):
 PSYoungGen      total 1088512K, used 909203K [0x000000076ab00000, 0x00000007be200000, 0x00000007c0000000)
  eden space 855040K, 100% used [0x000000076ab00000,0x000000079ee00000,0x000000079ee00000)
  from space 233472K, 23% used [0x00000007afe00000,0x00000007b32e4f70,0x00000007be200000)
  to   space 256000K, 0% used [0x000000079ee00000,0x000000079ee00000,0x00000007ae800000)
 ParOldGen       total 2796544K, used 2462005K [0x00000006c0000000, 0x000000076ab00000, 0x000000076ab00000)
  object space 2796544K, 88% used [0x00000006c0000000,0x000000075644d500,0x000000076ab00000)
 Metaspace       used 785513K, capacity 845429K, committed 845696K, reserved 1771520K
  class space    used 118166K, capacity 122663K, committed 122752K, reserved 1048576K

