# JRE version: Java(TM) SE Runtime Environment (8.0_45-b14) (build 1.8.0_45-b14)
# Java VM: Java HotSpot(TM) 64-Bit Server VM (25.45-b02 mixed mode linux-amd64 compressed oops)
Heap:
 PSYoungGen      total 6656K, used 6640K [0x0000000781800000, 0x0000000782700000, 0x00000007c0000000)
  eden space 6144K, 100% used [0x0000000781800000,0x0000000781e00000,0x0000000781e00000)
  from space 512K, 96% used [0x0000000781e00000,0x0000000781e7c010,0x0000000781e80000)
  to   space 1536K, 0% used [0x0000000782580000,0x0000000782580000,0x0000000782700000)
 ParOldGen       total 5632K, used 2073K [0x0000000704800000, 0x0000000704d80000, 0x0000000781800000)
  object space 5632K, 36% used [0x0000000704800000,0x0000000704a06650,0x0000000704d80000)
 Metaspace       used 7479K, capacity 8308K, committed 8448K, reserved 1056768K
  class space    used 889K, capacity 944K, committed 1024K, reserved 1048576K
GC Heap History (10 events):
Event: 0.201 GC heap before
{Heap before GC invocations=1 (full 0):
 PSYoungGen      total 2048K, used 1536K [0x0000000781800000, 0x0000000781a80000, 0x00000007c0000000)
  eden space 1536K, 100% used [0x0000000781800000,0x0000000781980000,0x0000000781980000)
  from space 512K, 0% used [0x0000000781a00000,0x0000000781a00000,0x0000000781a80000)
  to   space 512K, 0% used [0x0000000781980000,0x0000000781980000,0x0000000781a00000)
 ParOldGen       total 5632K, used 0K [0x0000000704800000, 0x0000000704d80000, 0x0000000781800000)
  object space 5632K, 0% used [0x0000000704800000,0x0000000704800000,0x0000000704d80000)
 Metaspace       used 3275K, capacity 4812K, committed 5120K, reserved 1056768K
  class space    used 372K, capacity 456K, committed 512K, reserved 1048576K
Event: 0.204 GC heap after
Heap after GC invocations=1 (full 0):
 PSYoungGen      total 2048K, used 480K [0x0000000781800000, 0x0000000781c00000, 0x00000007c0000000)
  eden space 1536K, 0% used [0x0000000781800000,0x0000000781800000,0x0000000781980000)
  from space 512K, 93% used [0x0000000781980000,0x00000007819f8020,0x0000000781a00000)
  to   space 512K, 0% used [0x0000000781b80000,0x0000000781b80000,0x0000000781c00000)
 ParOldGen       total 5632K, used 120K [0x0000000704800000, 0x0000000704d80000, 0x0000000781800000)
  object space 5632K, 2% used [0x0000000704800000,0x000000070481e020,0x0000000704d80000)
 Metaspace       used 3275K, capacity 4812K, committed 5120K, reserved 1056768K
  class space    used 372K, capacity 456K, committed 512K, reserved 1048576K
}
Event: 0.287 GC heap before
{Heap before GC invocations=2 (full 0):
 PSYoungGen      total 2048K, used 2016K [0x0000000781800000, 0x0000000781c00000, 0x00000007c0000000)
  eden space 1536K, 100% used [0x0000000781800000,0x0000000781980000,0x0000000781980000)
  from space 512K, 93% used [0x0000000781980000,0x00000007819f8020,0x0000000781a00000)
  to   space 512K, 0% used [0x0000000781b80000,0x0000000781b80000,0x0000000781c00000)
 ParOldGen       total 5632K, used 120K [0x0000000704800000, 0x0000000704d80000, 0x0000000781800000)
  object space 5632K, 2% used [0x0000000704800000,0x000000070481e020,0x0000000704d80000)
 Metaspace       used 4095K, capacity 5388K, committed 5760K, reserved 1056768K
  class space    used 480K, capacity 520K, committed 640K, reserved 1048576K
Event: 0.289 GC heap after
Heap after GC invocations=2 (full 0):
 PSYoungGen      total 3584K, used 496K [0x0000000781800000, 0x0000000781c00000, 0x00000007c0000000)
  eden space 3072K, 0% used [0x0000000781800000,0x0000000781800000,0x0000000781b00000)
  from space 512K, 96% used [0x0000000781b80000,0x0000000781bfc010,0x0000000781c00000)
  to   space 512K, 0% used [0x0000000781b00000,0x0000000781b00000,0x0000000781b80000)
 ParOldGen       total 5632K, used 208K [0x0000000704800000, 0x0000000704d80000, 0x0000000781800000)
  object space 5632K, 3% used [0x0000000704800000,0x0000000704834020,0x0000000704d80000)
 Metaspace       used 4095K, capacity 5388K, committed 5760K, reserved 1056768K
  class space    used 480K, capacity 520K, committed 640K, reserved 1048576K
}
Event: 0.427 GC heap before
{Heap before GC invocations=3 (full 0):
 PSYoungGen      total 3584K, used 3568K [0x0000000781800000, 0x0000000781c00000, 0x00000007c0000000)
  eden space 3072K, 100% used [0x0000000781800000,0x0000000781b00000,0x0000000781b00000)
  from space 512K, 96% used [0x0000000781b80000,0x0000000781bfc010,0x0000000781c00000)
  to   space 512K, 0% used [0x0000000781b00000,0x0000000781b00000,0x0000000781b80000)
 ParOldGen       total 5632K, used 208K [0x0000000704800000, 0x0000000704d80000, 0x0000000781800000)
  object space 5632K, 3% used [0x0000000704800000,0x0000000704834020,0x0000000704d80000)
 Metaspace       used 5167K, capacity 6348K, committed 6656K, reserved 1056768K
  class space    used 617K, capacity 648K, committed 768K, reserved 1048576K
Event: 0.430 GC heap after
Heap after GC invocations=3 (full 0):
 PSYoungGen      total 3584K, used 496K [0x0000000781800000, 0x0000000781f00000, 0x00000007c0000000)
  eden space 3072K, 0% used [0x0000000781800000,0x0000000781800000,0x0000000781b00000)
  from space 512K, 96% used [0x0000000781b00000,0x0000000781b7c020,0x0000000781b80000)
  to   space 512K, 0% used [0x0000000781e80000,0x0000000781e80000,0x0000000781f00000)
 ParOldGen       total 5632K, used 656K [0x0000000704800000, 0x0000000704d80000, 0x0000000781800000)
  object space 5632K, 11% used [0x0000000704800000,0x00000007048a4358,0x0000000704d80000)
 Metaspace       used 5167K, capacity 6348K, committed 6656K, reserved 1056768K
  class space    used 617K, capacity 648K, committed 768K, reserved 1048576K
}
Event: 0.578 GC heap before
{Heap before GC invocations=4 (full 0):
 PSYoungGen      total 3584K, used 3563K [0x0000000781800000, 0x0000000781f00000, 0x00000007c0000000)
  eden space 3072K, 99% used [0x0000000781800000,0x0000000781afec78,0x0000000781b00000)
  from space 512K, 96% used [0x0000000781b00000,0x0000000781b7c020,0x0000000781b80000)
  to   space 512K, 0% used [0x0000000781e80000,0x0000000781e80000,0x0000000781f00000)
 ParOldGen       total 5632K, used 656K [0x0000000704800000, 0x0000000704d80000, 0x0000000781800000)
  object space 5632K, 11% used [0x0000000704800000,0x00000007048a4358,0x0000000704d80000)
 Metaspace       used 6299K, capacity 7404K, committed 7552K, reserved 1056768K
  class space    used 773K, capacity 808K, committed 896K, reserved 1048576K
Event: 0.581 GC heap after
Heap after GC invocations=4 (full 0):
 PSYoungGen      total 6656K, used 496K [0x0000000781800000, 0x0000000781f00000, 0x00000007c0000000)
  eden space 6144K, 0% used [0x0000000781800000,0x0000000781800000,0x0000000781e00000)
  from space 512K, 96% used [0x0000000781e80000,0x0000000781efc010,0x0000000781f00000)
  to   space 512K, 0% used [0x0000000781e00000,0x0000000781e00000,0x0000000781e80000)
 ParOldGen       total 5632K, used 1045K [0x0000000704800000, 0x0000000704d80000, 0x0000000781800000)
  object space 5632K, 18% used [0x0000000704800000,0x0000000704905468,0x0000000704d80000)
 Metaspace       used 6299K, capacity 7404K, committed 7552K, reserved 1056768K
  class space    used 773K, capacity 808K, committed 896K, reserved 1048576K
}
Event: 0.842 GC heap before
{Heap before GC invocations=5 (full 0):
 PSYoungGen      total 6656K, used 5584K [0x0000000781800000, 0x0000000781f00000, 0x00000007c0000000)
  eden space 6144K, 82% used [0x0000000781800000,0x0000000781cf81d0,0x0000000781e00000)
  from space 512K, 96% used [0x0000000781e80000,0x0000000781efc010,0x0000000781f00000)
  to   space 512K, 0% used [0x0000000781e00000,0x0000000781e00000,0x0000000781e80000)
 ParOldGen       total 5632K, used 1045K [0x0000000704800000, 0x0000000704d80000, 0x0000000781800000)
  object space 5632K, 18% used [0x0000000704800000,0x0000000704905468,0x0000000704d80000)
 Metaspace       used 7451K, capacity 8308K, committed 8448K, reserved 1056768K
  class space    used 888K, capacity 944K, committed 1024K, reserved 1048576K
Event: 0.850 GC heap after
Heap after GC invocations=5 (full 0):
 PSYoungGen      total 6656K, used 496K [0x0000000781800000, 0x0000000782700000, 0x00000007c0000000)
  eden space 6144K, 0% used [0x0000000781800000,0x0000000781800000,0x0000000781e00000)
  from space 512K, 96% used [0x0000000781e00000,0x0000000781e7c010,0x0000000781e80000)
  to   space 1536K, 0% used [0x0000000782580000,0x0000000782580000,0x0000000782700000)
 ParOldGen       total 5632K, used 2073K [0x0000000704800000, 0x0000000704d80000, 0x0000000781800000)
  object space 5632K, 36% used [0x0000000704800000,0x0000000704a06650,0x0000000704d80000)
 Metaspace       used 7451K, capacity 8308K, committed 8448K, reserved 1056768K
  class space    used 888K, capacity 944K, committed 1024K, reserved 1048576K
}

