This file contains any messages produced by compilers while
running configure, to aid debugging if configure makes a mistake.

It was created by fuse_dfs configure 0.1.0, which was
generated by GNU Autoconf 2.65.  Invocation command line was

  $ ./configure 

## --------- ##
## Platform. ##
## --------- ##

hostname = ubuntu-slave01
uname -m = x86_64
uname -r = 2.6.32-28-server
uname -s = Linux
uname -v = #55-Ubuntu SMP Mon Jan 10 23:57:16 UTC 2011

/usr/bin/uname -p = unknown
/bin/uname -X     = unknown

/bin/arch              = unknown
/usr/bin/arch -k       = unknown
/usr/convex/getsysinfo = unknown
/usr/bin/hostinfo      = unknown
/bin/machine           = unknown
/usr/bin/oslevel       = unknown
/bin/universe          = unknown

PATH: /opt/toolchain/groovy-1.8.2/bin
PATH: /opt/toolchain/sun-jdk-64bit-1.6.0.26/bin
PATH: /opt/toolchain/thrift-0.6.0/bin
PATH: /opt/toolchain/crepo-0.1.8
PATH: /opt/toolchain/apache-maven-3.0.3/bin
PATH: /opt/toolchain/apache-ant-1.8.2/bin
PATH: /var/lib/jenkins/workspace/CDH3u4-Full-RC/nightly-py-env/bin
PATH: /usr/local/sbin
PATH: /usr/local/bin
PATH: /usr/sbin
PATH: /usr/bin
PATH: /sbin
PATH: /bin
PATH: /usr/games


## ----------- ##
## Core tests. ##
## ----------- ##

configure:2282: checking build system type
configure:2296: result: x86_64-unknown-linux-gnu
configure:2316: checking host system type
configure:2329: result: x86_64-unknown-linux-gnu
configure:2349: checking target system type
configure:2362: result: x86_64-unknown-linux-gnu
configure:2404: checking for a BSD-compatible install
configure:2472: result: /usr/bin/install -c
configure:2483: checking whether build environment is sane
configure:2533: result: yes
configure:2674: checking for a thread-safe mkdir -p
configure:2713: result: /bin/mkdir -p
configure:2726: checking for gawk
configure:2756: result: no
configure:2726: checking for mawk
configure:2742: found /usr/bin/mawk
configure:2753: result: mawk
configure:2764: checking whether make sets $(MAKE)
configure:2786: result: yes
configure:2816: checking for style of include used by make
configure:2844: result: GNU
configure:2976: checking for gcc
configure:2992: found /usr/bin/gcc
configure:3003: result: gcc
configure:3232: checking for C compiler version
configure:3241: gcc --version >&5
gcc (Ubuntu 4.4.3-4ubuntu5.1) 4.4.3
Copyright (C) 2009 Free Software Foundation, Inc.
This is free software; see the source for copying conditions.  There is NO
warranty; not even for MERCHANTABILITY or FITNESS FOR A PARTICULAR PURPOSE.

configure:3252: $? = 0
configure:3241: gcc -v >&5
Using built-in specs.
Target: x86_64-linux-gnu
Configured with: ../src/configure -v --with-pkgversion='Ubuntu 4.4.3-4ubuntu5.1' --with-bugurl=file:///usr/share/doc/gcc-4.4/README.Bugs --enable-languages=c,c++,fortran,objc,obj-c++ --prefix=/usr --enable-shared --enable-multiarch --enable-linker-build-id --with-system-zlib --libexecdir=/usr/lib --without-included-gettext --enable-threads=posix --with-gxx-include-dir=/usr/include/c++/4.4 --program-suffix=-4.4 --enable-nls --enable-clocale=gnu --enable-libstdcxx-debug --enable-plugin --enable-objc-gc --disable-werror --with-arch-32=i486 --with-tune=generic --enable-checking=release --build=x86_64-linux-gnu --host=x86_64-linux-gnu --target=x86_64-linux-gnu
Thread model: posix
gcc version 4.4.3 (Ubuntu 4.4.3-4ubuntu5.1) 
configure:3252: $? = 0
configure:3241: gcc -V >&5
gcc: '-V' option must have argument
configure:3252: $? = 1
configure:3241: gcc -qversion >&5
gcc: unrecognized option '-qversion'
gcc: no input files
configure:3252: $? = 1
configure:3272: checking whether the C compiler works
configure:3294: gcc    conftest.c  >&5
configure:3298: $? = 0
configure:3347: result: yes
configure:3350: checking for C compiler default output file name
configure:3352: result: a.out
configure:3358: checking for suffix of executables
configure:3365: gcc -o conftest    conftest.c  >&5
configure:3369: $? = 0
configure:3391: result: 
configure:3413: checking whether we are cross compiling
configure:3421: gcc -o conftest    conftest.c  >&5
configure:3425: $? = 0
configure:3432: ./conftest
configure:3436: $? = 0
configure:3451: result: no
configure:3456: checking for suffix of object files
configure:3478: gcc -c   conftest.c >&5
configure:3482: $? = 0
configure:3503: result: o
configure:3507: checking whether we are using the GNU C compiler
configure:3526: gcc -c   conftest.c >&5
configure:3526: $? = 0
configure:3535: result: yes
configure:3544: checking whether gcc accepts -g
configure:3564: gcc -c -g  conftest.c >&5
configure:3564: $? = 0
configure:3605: result: yes
configure:3622: checking for gcc option to accept ISO C89
configure:3686: gcc  -c -g -O2  conftest.c >&5
configure:3686: $? = 0
configure:3699: result: none needed
configure:3721: checking dependency style of gcc
configure:3831: result: gcc3
configure:3904: checking for g++
configure:3920: found /usr/bin/g++
configure:3931: result: g++
configure:3958: checking for C++ compiler version
configure:3967: g++ --version >&5
g++ (Ubuntu 4.4.3-4ubuntu5.1) 4.4.3
Copyright (C) 2009 Free Software Foundation, Inc.
This is free software; see the source for copying conditions.  There is NO
warranty; not even for MERCHANTABILITY or FITNESS FOR A PARTICULAR PURPOSE.

configure:3978: $? = 0
configure:3967: g++ -v >&5
Using built-in specs.
Target: x86_64-linux-gnu
Configured with: ../src/configure -v --with-pkgversion='Ubuntu 4.4.3-4ubuntu5.1' --with-bugurl=file:///usr/share/doc/gcc-4.4/README.Bugs --enable-languages=c,c++,fortran,objc,obj-c++ --prefix=/usr --enable-shared --enable-multiarch --enable-linker-build-id --with-system-zlib --libexecdir=/usr/lib --without-included-gettext --enable-threads=posix --with-gxx-include-dir=/usr/include/c++/4.4 --program-suffix=-4.4 --enable-nls --enable-clocale=gnu --enable-libstdcxx-debug --enable-plugin --enable-objc-gc --disable-werror --with-arch-32=i486 --with-tune=generic --enable-checking=release --build=x86_64-linux-gnu --host=x86_64-linux-gnu --target=x86_64-linux-gnu
Thread model: posix
gcc version 4.4.3 (Ubuntu 4.4.3-4ubuntu5.1) 
configure:3978: $? = 0
configure:3967: g++ -V >&5
g++: '-V' option must have argument
configure:3978: $? = 1
configure:3967: g++ -qversion >&5
g++: unrecognized option '-qversion'
g++: no input files
configure:3978: $? = 1
configure:3982: checking whether we are using the GNU C++ compiler
configure:4001: g++ -c   conftest.cpp >&5
configure:4001: $? = 0
configure:4010: result: yes
configure:4019: checking whether g++ accepts -g
configure:4039: g++ -c -g  conftest.cpp >&5
configure:4039: $? = 0
configure:4080: result: yes
configure:4105: checking dependency style of g++
configure:4215: result: gcc3
configure:4273: checking for ranlib
configure:4289: found /usr/bin/ranlib
configure:4300: result: ranlib
configure:4326: checking for bash
configure:4356: result: /bin/bash
configure:4371: checking for perl
configure:4389: found /usr/bin/perl
configure:4401: result: /usr/bin/perl
configure:4416: checking for python
configure:4434: found /var/lib/jenkins/workspace/CDH3u4-Full-RC/nightly-py-env/bin/python
configure:4446: result: /var/lib/jenkins/workspace/CDH3u4-Full-RC/nightly-py-env/bin/python
configure:4461: checking for ar
configure:4479: found /usr/bin/ar
configure:4491: result: /usr/bin/ar
configure:4506: checking for ant
configure:4524: found /opt/toolchain/apache-ant-1.8.2/bin/ant
configure:4536: result: /opt/toolchain/apache-ant-1.8.2/bin/ant
configure:4570: checking how to run the C preprocessor
configure:4601: gcc -E  conftest.c
configure:4601: $? = 0
configure:4615: gcc -E  conftest.c
conftest.c:9:28: error: ac_nonexistent.h: No such file or directory
configure:4615: $? = 1
configure: failed program was:
| /* confdefs.h */
| #define PACKAGE_NAME "fuse_dfs"
| #define PACKAGE_TARNAME "fuse_dfs"
| #define PACKAGE_VERSION "0.1.0"
| #define PACKAGE_STRING "fuse_dfs 0.1.0"
| #define PACKAGE_BUGREPORT ""
| #define PACKAGE_URL ""
| /* end confdefs.h.  */
| #include <ac_nonexistent.h>
configure:4640: result: gcc -E
configure:4660: gcc -E  conftest.c
configure:4660: $? = 0
configure:4674: gcc -E  conftest.c
conftest.c:9:28: error: ac_nonexistent.h: No such file or directory
configure:4674: $? = 1
configure: failed program was:
| /* confdefs.h */
| #define PACKAGE_NAME "fuse_dfs"
| #define PACKAGE_TARNAME "fuse_dfs"
| #define PACKAGE_VERSION "0.1.0"
| #define PACKAGE_STRING "fuse_dfs 0.1.0"
| #define PACKAGE_BUGREPORT ""
| #define PACKAGE_URL ""
| /* end confdefs.h.  */
| #include <ac_nonexistent.h>
configure:4703: checking for grep that handles long lines and -e
configure:4761: result: /bin/grep
configure:4766: checking for egrep
configure:4828: result: /bin/grep -E
configure:4833: checking for ANSI C header files
configure:4853: gcc -c -g -O2  conftest.c >&5
configure:4853: $? = 0
configure:4926: gcc -o conftest -g -O2   conftest.c  >&5
configure:4926: $? = 0
configure:4926: ./conftest
configure:4926: $? = 0
configure:4937: result: yes
configure:4950: checking for sys/types.h
configure:4950: gcc -c -g -O2  conftest.c >&5
configure:4950: $? = 0
configure:4950: result: yes
configure:4950: checking for sys/stat.h
configure:4950: gcc -c -g -O2  conftest.c >&5
configure:4950: $? = 0
configure:4950: result: yes
configure:4950: checking for stdlib.h
configure:4950: gcc -c -g -O2  conftest.c >&5
configure:4950: $? = 0
configure:4950: result: yes
configure:4950: checking for string.h
configure:4950: gcc -c -g -O2  conftest.c >&5
configure:4950: $? = 0
configure:4950: result: yes
configure:4950: checking for memory.h
configure:4950: gcc -c -g -O2  conftest.c >&5
configure:4950: $? = 0
configure:4950: result: yes
configure:4950: checking for strings.h
configure:4950: gcc -c -g -O2  conftest.c >&5
configure:4950: $? = 0
configure:4950: result: yes
configure:4950: checking for inttypes.h
configure:4950: gcc -c -g -O2  conftest.c >&5
configure:4950: $? = 0
configure:4950: result: yes
configure:4950: checking for stdint.h
configure:4950: gcc -c -g -O2  conftest.c >&5
configure:4950: $? = 0
configure:4950: result: yes
configure:4950: checking for unistd.h
configure:4950: gcc -c -g -O2  conftest.c >&5
configure:4950: $? = 0
configure:4950: result: yes
configure:4964: checking minix/config.h usability
configure:4964: gcc -c -g -O2  conftest.c >&5
conftest.c:52:26: error: minix/config.h: No such file or directory
configure:4964: $? = 1
configure: failed program was:
| /* confdefs.h */
| #define PACKAGE_NAME "fuse_dfs"
| #define PACKAGE_TARNAME "fuse_dfs"
| #define PACKAGE_VERSION "0.1.0"
| #define PACKAGE_STRING "fuse_dfs 0.1.0"
| #define PACKAGE_BUGREPORT ""
| #define PACKAGE_URL ""
| #define STDC_HEADERS 1
| #define HAVE_SYS_TYPES_H 1
| #define HAVE_SYS_STAT_H 1
| #define HAVE_STDLIB_H 1
| #define HAVE_STRING_H 1
| #define HAVE_MEMORY_H 1
| #define HAVE_STRINGS_H 1
| #define HAVE_INTTYPES_H 1
| #define HAVE_STDINT_H 1
| #define HAVE_UNISTD_H 1
| /* end confdefs.h.  */
| #include <stdio.h>
| #ifdef HAVE_SYS_TYPES_H
| # include <sys/types.h>
| #endif
| #ifdef HAVE_SYS_STAT_H
| # include <sys/stat.h>
| #endif
| #ifdef STDC_HEADERS
| # include <stdlib.h>
| # include <stddef.h>
| #else
| # ifdef HAVE_STDLIB_H
| #  include <stdlib.h>
| # endif
| #endif
| #ifdef HAVE_STRING_H
| # if !defined STDC_HEADERS && defined HAVE_MEMORY_H
| #  include <memory.h>
| # endif
| # include <string.h>
| #endif
| #ifdef HAVE_STRINGS_H
| # include <strings.h>
| #endif
| #ifdef HAVE_INTTYPES_H
| # include <inttypes.h>
| #endif
| #ifdef HAVE_STDINT_H
| # include <stdint.h>
| #endif
| #ifdef HAVE_UNISTD_H
| # include <unistd.h>
| #endif
| #include <minix/config.h>
configure:4964: result: no
configure:4964: checking minix/config.h presence
configure:4964: gcc -E  conftest.c
conftest.c:19:26: error: minix/config.h: No such file or directory
configure:4964: $? = 1
configure: failed program was:
| /* confdefs.h */
| #define PACKAGE_NAME "fuse_dfs"
| #define PACKAGE_TARNAME "fuse_dfs"
| #define PACKAGE_VERSION "0.1.0"
| #define PACKAGE_STRING "fuse_dfs 0.1.0"
| #define PACKAGE_BUGREPORT ""
| #define PACKAGE_URL ""
| #define STDC_HEADERS 1
| #define HAVE_SYS_TYPES_H 1
| #define HAVE_SYS_STAT_H 1
| #define HAVE_STDLIB_H 1
| #define HAVE_STRING_H 1
| #define HAVE_MEMORY_H 1
| #define HAVE_STRINGS_H 1
| #define HAVE_INTTYPES_H 1
| #define HAVE_STDINT_H 1
| #define HAVE_UNISTD_H 1
| /* end confdefs.h.  */
| #include <minix/config.h>
configure:4964: result: no
configure:4964: checking for minix/config.h
configure:4964: result: no
configure:4985: checking whether it is safe to define __EXTENSIONS__
configure:5003: gcc -c -g -O2  conftest.c >&5
configure:5003: $? = 0
configure:5010: result: yes
configure:5026: checking for uid_t in sys/types.h
configure:5045: result: yes
configure:5056: checking type of array argument to getgroups
configure:5090: gcc -o conftest -g -O2   conftest.c  >&5
configure:5090: $? = 0
configure:5090: ./conftest
configure:5090: $? = 0
configure:5115: result: gid_t
configure:5123: checking for size_t
configure:5123: gcc -c -g -O2  conftest.c >&5
configure:5123: $? = 0
configure:5123: gcc -c -g -O2  conftest.c >&5
conftest.c: In function 'main':
conftest.c:61: error: expected expression before ')' token
configure:5123: $? = 1
configure: failed program was:
| /* confdefs.h */
| #define PACKAGE_NAME "fuse_dfs"
| #define PACKAGE_TARNAME "fuse_dfs"
| #define PACKAGE_VERSION "0.1.0"
| #define PACKAGE_STRING "fuse_dfs 0.1.0"
| #define PACKAGE_BUGREPORT ""
| #define PACKAGE_URL ""
| #define STDC_HEADERS 1
| #define HAVE_SYS_TYPES_H 1
| #define HAVE_SYS_STAT_H 1
| #define HAVE_STDLIB_H 1
| #define HAVE_STRING_H 1
| #define HAVE_MEMORY_H 1
| #define HAVE_STRINGS_H 1
| #define HAVE_INTTYPES_H 1
| #define HAVE_STDINT_H 1
| #define HAVE_UNISTD_H 1
| #define __EXTENSIONS__ 1
| #define _ALL_SOURCE 1
| #define _GNU_SOURCE 1
| #define _POSIX_PTHREAD_SEMANTICS 1
| #define _TANDEM_SOURCE 1
| #define GETGROUPS_T gid_t
| /* end confdefs.h.  */
| #include <stdio.h>
| #ifdef HAVE_SYS_TYPES_H
| # include <sys/types.h>
| #endif
| #ifdef HAVE_SYS_STAT_H
| # include <sys/stat.h>
| #endif
| #ifdef STDC_HEADERS
| # include <stdlib.h>
| # include <stddef.h>
| #else
| # ifdef HAVE_STDLIB_H
| #  include <stdlib.h>
| # endif
| #endif
| #ifdef HAVE_STRING_H
| # if !defined STDC_HEADERS && defined HAVE_MEMORY_H
| #  include <memory.h>
| # endif
| # include <string.h>
| #endif
| #ifdef HAVE_STRINGS_H
| # include <strings.h>
| #endif
| #ifdef HAVE_INTTYPES_H
| # include <inttypes.h>
| #endif
| #ifdef HAVE_STDINT_H
| # include <stdint.h>
| #endif
| #ifdef HAVE_UNISTD_H
| # include <unistd.h>
| #endif
| int
| main ()
| {
| if (sizeof ((size_t)))
| 	    return 0;
|   ;
|   return 0;
| }
configure:5123: result: yes
configure:5134: checking for getgroups
configure:5134: gcc -o conftest -g -O2   conftest.c  >&5
configure:5134: $? = 0
configure:5134: result: yes
configure:5189: checking for working getgroups
configure:5209: gcc -o conftest -g -O2   conftest.c  >&5
configure:5209: $? = 0
configure:5209: ./conftest
configure:5209: $? = 0
configure:5220: result: yes
configure:5232: checking type of array argument to getgroups
configure:5291: result: gid_t
configure:5348: checking for gcc
configure:5375: result: gcc
configure:5604: checking for C compiler version
configure:5613: gcc --version >&5
gcc (Ubuntu 4.4.3-4ubuntu5.1) 4.4.3
Copyright (C) 2009 Free Software Foundation, Inc.
This is free software; see the source for copying conditions.  There is NO
warranty; not even for MERCHANTABILITY or FITNESS FOR A PARTICULAR PURPOSE.

configure:5624: $? = 0
configure:5613: gcc -v >&5
Using built-in specs.
Target: x86_64-linux-gnu
Configured with: ../src/configure -v --with-pkgversion='Ubuntu 4.4.3-4ubuntu5.1' --with-bugurl=file:///usr/share/doc/gcc-4.4/README.Bugs --enable-languages=c,c++,fortran,objc,obj-c++ --prefix=/usr --enable-shared --enable-multiarch --enable-linker-build-id --with-system-zlib --libexecdir=/usr/lib --without-included-gettext --enable-threads=posix --with-gxx-include-dir=/usr/include/c++/4.4 --program-suffix=-4.4 --enable-nls --enable-clocale=gnu --enable-libstdcxx-debug --enable-plugin --enable-objc-gc --disable-werror --with-arch-32=i486 --with-tune=generic --enable-checking=release --build=x86_64-linux-gnu --host=x86_64-linux-gnu --target=x86_64-linux-gnu
Thread model: posix
gcc version 4.4.3 (Ubuntu 4.4.3-4ubuntu5.1) 
configure:5624: $? = 0
configure:5613: gcc -V >&5
gcc: '-V' option must have argument
configure:5624: $? = 1
configure:5613: gcc -qversion >&5
gcc: unrecognized option '-qversion'
gcc: no input files
configure:5624: $? = 1
configure:5628: checking whether we are using the GNU C compiler
configure:5656: result: yes
configure:5665: checking whether gcc accepts -g
configure:5726: result: yes
configure:5743: checking for gcc option to accept ISO C89
configure:5820: result: none needed
configure:5842: checking dependency style of gcc
configure:5952: result: gcc3
configure:5974: checking for special C compiler options needed for large files
configure:6019: result: no
configure:6025: checking for _FILE_OFFSET_BITS value needed for large files
configure:6050: gcc -c -g -O2  conftest.c >&5
configure:6050: $? = 0
configure:6082: result: no
configure:6178: checking Checking EXTERNAL_PATH set to
configure:6210: result: /var/lib/jenkins/workspace/CDH3u4-Full-RC/build/cdh3/hadoop20/0.20.2-cdh3u4/source/src/contrib/fuse-dfs
configure:6225: checking whether to enable optimized build
configure:6247: result: yes
configure:6272: checking whether to enable static mode
configure:6298: result: yes
configure:6506: creating ./config.status

## ---------------------- ##
## Running config.status. ##
## ---------------------- ##

This file was extended by fuse_dfs config.status 0.1.0, which was
generated by GNU Autoconf 2.65.  Invocation command line was

  CONFIG_FILES    = 
  CONFIG_HEADERS  = 
  CONFIG_LINKS    = 
  CONFIG_COMMANDS = 
  $ ./config.status 

on ubuntu-slave01

config.status:816: creating Makefile
config.status:816: creating src/Makefile
config.status:979: executing depfiles commands

## ---------------- ##
## Cache variables. ##
## ---------------- ##

ac_cv_build=x86_64-unknown-linux-gnu
ac_cv_c_compiler_gnu=yes
ac_cv_cxx_compiler_gnu=yes
ac_cv_env_CCC_set=
ac_cv_env_CCC_value=
ac_cv_env_CC_set=
ac_cv_env_CC_value=
ac_cv_env_CFLAGS_set=
ac_cv_env_CFLAGS_value=
ac_cv_env_CPPFLAGS_set=
ac_cv_env_CPPFLAGS_value=
ac_cv_env_CPP_set=
ac_cv_env_CPP_value=
ac_cv_env_CXXFLAGS_set=
ac_cv_env_CXXFLAGS_value=
ac_cv_env_CXX_set=
ac_cv_env_CXX_value=
ac_cv_env_LDFLAGS_set=
ac_cv_env_LDFLAGS_value=
ac_cv_env_LIBS_set=
ac_cv_env_LIBS_value=
ac_cv_env_build_alias_set=
ac_cv_env_build_alias_value=
ac_cv_env_host_alias_set=
ac_cv_env_host_alias_value=
ac_cv_env_target_alias_set=
ac_cv_env_target_alias_value=
ac_cv_func_getgroups=yes
ac_cv_func_getgroups_works=yes
ac_cv_header_inttypes_h=yes
ac_cv_header_memory_h=yes
ac_cv_header_minix_config_h=no
ac_cv_header_stdc=yes
ac_cv_header_stdint_h=yes
ac_cv_header_stdlib_h=yes
ac_cv_header_string_h=yes
ac_cv_header_strings_h=yes
ac_cv_header_sys_stat_h=yes
ac_cv_header_sys_types_h=yes
ac_cv_header_unistd_h=yes
ac_cv_host=x86_64-unknown-linux-gnu
ac_cv_objext=o
ac_cv_path_ANT=/opt/toolchain/apache-ant-1.8.2/bin/ant
ac_cv_path_AR=/usr/bin/ar
ac_cv_path_BASH=/bin/bash
ac_cv_path_EGREP='/bin/grep -E'
ac_cv_path_GREP=/bin/grep
ac_cv_path_PERL=/usr/bin/perl
ac_cv_path_PYTHON=/var/lib/jenkins/workspace/CDH3u4-Full-RC/nightly-py-env/bin/python
ac_cv_path_install='/usr/bin/install -c'
ac_cv_path_mkdir=/bin/mkdir
ac_cv_prog_AWK=mawk
ac_cv_prog_CPP='gcc -E'
ac_cv_prog_ac_ct_CC=gcc
ac_cv_prog_ac_ct_CXX=g++
ac_cv_prog_ac_ct_RANLIB=ranlib
ac_cv_prog_cc_c89=
ac_cv_prog_cc_g=yes
ac_cv_prog_cxx_g=yes
ac_cv_prog_make_make_set=yes
ac_cv_safe_to_define___extensions__=yes
ac_cv_sys_file_offset_bits=no
ac_cv_sys_largefile_CC=no
ac_cv_target=x86_64-unknown-linux-gnu
ac_cv_type_getgroups=gid_t
ac_cv_type_size_t=yes
ac_cv_type_uid_t=yes
am_cv_CC_dependencies_compiler_type=gcc3
am_cv_CXX_dependencies_compiler_type=gcc3

## ----------------- ##
## Output variables. ##
## ----------------- ##

ACLOCAL='${SHELL} /var/lib/jenkins/workspace/CDH3u4-Full-RC/build/cdh3/hadoop20/0.20.2-cdh3u4/source/src/contrib/fuse-dfs/missing --run aclocal-1.11'
AMDEPBACKSLASH='\'
AMDEP_FALSE='#'
AMDEP_TRUE=''
AMTAR='${SHELL} /var/lib/jenkins/workspace/CDH3u4-Full-RC/build/cdh3/hadoop20/0.20.2-cdh3u4/source/src/contrib/fuse-dfs/missing --run tar'
ANT='/opt/toolchain/apache-ant-1.8.2/bin/ant'
AR='/usr/bin/ar'
AUTOCONF='${SHELL} /var/lib/jenkins/workspace/CDH3u4-Full-RC/build/cdh3/hadoop20/0.20.2-cdh3u4/source/src/contrib/fuse-dfs/missing --run autoconf'
AUTOHEADER='${SHELL} /var/lib/jenkins/workspace/CDH3u4-Full-RC/build/cdh3/hadoop20/0.20.2-cdh3u4/source/src/contrib/fuse-dfs/missing --run autoheader'
AUTOMAKE='${SHELL} /var/lib/jenkins/workspace/CDH3u4-Full-RC/build/cdh3/hadoop20/0.20.2-cdh3u4/source/src/contrib/fuse-dfs/missing --run automake-1.11'
AWK='mawk'
BASH='/bin/bash'
CC='gcc'
CCDEPMODE='depmode=gcc3'
CFLAGS='-Wall -O3'
CPP='gcc -E'
CPPFLAGS=''
CXX='g++'
CXXDEPMODE='depmode=gcc3'
CXXFLAGS='-Wall -O3'
CYGPATH_W='echo'
DEBUG_FALSE=''
DEBUG_TRUE='#'
DEFS='-DPACKAGE_NAME=\"fuse_dfs\" -DPACKAGE_TARNAME=\"fuse_dfs\" -DPACKAGE_VERSION=\"0.1.0\" -DPACKAGE_STRING=\"fuse_dfs\ 0.1.0\" -DPACKAGE_BUGREPORT=\"\" -DPACKAGE_URL=\"\" -DSTDC_HEADERS=1 -DHAVE_SYS_TYPES_H=1 -DHAVE_SYS_STAT_H=1 -DHAVE_STDLIB_H=1 -DHAVE_STRING_H=1 -DHAVE_MEMORY_H=1 -DHAVE_STRINGS_H=1 -DHAVE_INTTYPES_H=1 -DHAVE_STDINT_H=1 -DHAVE_UNISTD_H=1 -D__EXTENSIONS__=1 -D_ALL_SOURCE=1 -D_GNU_SOURCE=1 -D_POSIX_PTHREAD_SEMANTICS=1 -D_TANDEM_SOURCE=1 -DGETGROUPS_T=gid_t -DHAVE_GETGROUPS=1 -DGETGROUPS_T=gid_t'
DEPDIR='.deps'
ECHO_C=''
ECHO_N='-n'
ECHO_T=''
EGREP='/bin/grep -E'
EXEEXT=''
EXTERNAL_PATH='/var/lib/jenkins/workspace/CDH3u4-Full-RC/build/cdh3/hadoop20/0.20.2-cdh3u4/source/src/contrib/fuse-dfs'
GLOBAL_FOOTER_MK='include /var/lib/jenkins/workspace/CDH3u4-Full-RC/build/cdh3/hadoop20/0.20.2-cdh3u4/source/src/contrib/fuse-dfs/global_footer.mk'
GLOBAL_HEADER_MK='include /var/lib/jenkins/workspace/CDH3u4-Full-RC/build/cdh3/hadoop20/0.20.2-cdh3u4/source/src/contrib/fuse-dfs/global_header.mk'
GREP='/bin/grep'
INSTALL_DATA='${INSTALL} -m 644'
INSTALL_PROGRAM='${INSTALL}'
INSTALL_SCRIPT='${INSTALL}'
INSTALL_STRIP_PROGRAM='$(install_sh) -c -s'
LDFLAGS=''
LIBOBJS=''
LIBS=''
LTLIBOBJS=''
LTYPE='.a'
MAKEINFO='${SHELL} /var/lib/jenkins/workspace/CDH3u4-Full-RC/build/cdh3/hadoop20/0.20.2-cdh3u4/source/src/contrib/fuse-dfs/missing --run makeinfo'
MKDIR_P='/bin/mkdir -p'
OBJEXT='o'
OPT_FALSE='#'
OPT_TRUE=''
PACKAGE='fuse_dfs'
PACKAGE_BUGREPORT=''
PACKAGE_NAME='fuse_dfs'
PACKAGE_STRING='fuse_dfs 0.1.0'
PACKAGE_TARNAME='fuse_dfs'
PACKAGE_URL=''
PACKAGE_VERSION='0.1.0'
PATH_SEPARATOR=':'
PERL='/usr/bin/perl'
PRODUCT_MK=''
PYTHON='/var/lib/jenkins/workspace/CDH3u4-Full-RC/nightly-py-env/bin/python'
RANLIB='ranlib'
SET_MAKE=''
SHARED_CFLAGS=''
SHARED_CXXFLAGS=''
SHARED_FALSE=''
SHARED_LDFLAGS=''
SHARED_TRUE='#'
SHELL='/bin/bash'
STATIC_FALSE='#'
STATIC_TRUE=''
STRIP=''
VERSION='0.1.0'
ac_ct_CC='gcc'
ac_ct_CXX='g++'
am__EXEEXT_FALSE=''
am__EXEEXT_TRUE='#'
am__fastdepCC_FALSE='#'
am__fastdepCC_TRUE=''
am__fastdepCXX_FALSE='#'
am__fastdepCXX_TRUE=''
am__include='include'
am__isrc=''
am__leading_dot='.'
am__quote=''
am__tar='${AMTAR} chof - "$$tardir"'
am__untar='${AMTAR} xf -'
bindir='${exec_prefix}/bin'
build='x86_64-unknown-linux-gnu'
build_alias=''
build_cpu='x86_64'
build_os='linux-gnu'
build_vendor='unknown'
datadir='${datarootdir}'
datarootdir='${prefix}/share'
docdir='${datarootdir}/doc/${PACKAGE_TARNAME}'
dvidir='${docdir}'
exec_prefix='${prefix}'
host='x86_64-unknown-linux-gnu'
host_alias=''
host_cpu='x86_64'
host_os='linux-gnu'
host_vendor='unknown'
htmldir='${docdir}'
includedir='${prefix}/include'
infodir='${datarootdir}/info'
install_sh='${SHELL} /var/lib/jenkins/workspace/CDH3u4-Full-RC/build/cdh3/hadoop20/0.20.2-cdh3u4/source/src/contrib/fuse-dfs/install-sh'
libdir='${exec_prefix}/lib'
libexecdir='${exec_prefix}/libexec'
localedir='${datarootdir}/locale'
localstatedir='${prefix}/var'
mandir='${datarootdir}/man'
mkdir_p='/bin/mkdir -p'
oldincludedir='/usr/include'
pdfdir='${docdir}'
prefix='/var/lib/jenkins/workspace/CDH3u4-Full-RC/build/cdh3/hadoop20/0.20.2-cdh3u4/source/src/contrib/fuse-dfs'
program_transform_name='s,x,x,'
psdir='${docdir}'
sbindir='${exec_prefix}/sbin'
sharedstatedir='${prefix}/com'
sysconfdir='${prefix}/etc'
target='x86_64-unknown-linux-gnu'
target_alias=''
target_cpu='x86_64'
target_os='linux-gnu'
target_vendor='unknown'

## ----------- ##
## confdefs.h. ##
## ----------- ##

/* confdefs.h */
#define PACKAGE_NAME "fuse_dfs"
#define PACKAGE_TARNAME "fuse_dfs"
#define PACKAGE_VERSION "0.1.0"
#define PACKAGE_STRING "fuse_dfs 0.1.0"
#define PACKAGE_BUGREPORT ""
#define PACKAGE_URL ""
#define STDC_HEADERS 1
#define HAVE_SYS_TYPES_H 1
#define HAVE_SYS_STAT_H 1
#define HAVE_STDLIB_H 1
#define HAVE_STRING_H 1
#define HAVE_MEMORY_H 1
#define HAVE_STRINGS_H 1
#define HAVE_INTTYPES_H 1
#define HAVE_STDINT_H 1
#define HAVE_UNISTD_H 1
#define __EXTENSIONS__ 1
#define _ALL_SOURCE 1
#define _GNU_SOURCE 1
#define _POSIX_PTHREAD_SEMANTICS 1
#define _TANDEM_SOURCE 1
#define GETGROUPS_T gid_t
#define HAVE_GETGROUPS 1
#define GETGROUPS_T gid_t

configure: exit 0
