# JRE version: Java(TM) SE Runtime Environment (8.0_231-b11) (build 1.8.0_231-b11)
# Java VM: Java HotSpot(TM) 64-Bit Server VM (25.231-b11 mixed mode bsd-amd64 compressed oops)
Heap:
 PSYoungGen      total 646656K, used 51797K [0x0000000795580000, 0x00000007c0000000, 0x00000007c0000000)
  eden space 626688K, 5% used [0x0000000795580000,0x000000079749b208,0x00000007bb980000)
  from space 19968K, 99% used [0x00000007bb980000,0x00000007bccfa598,0x00000007bcd00000)
  to   space 24576K, 0% used [0x00000007be800000,0x00000007be800000,0x00000007c0000000)
 ParOldGen       total 969216K, used 857719K [0x0000000740000000, 0x000000077b280000, 0x0000000795580000)
  object space 969216K, 88% used [0x0000000740000000,0x000000077459ded0,0x000000077b280000)
 Metaspace       used 139916K, capacity 153450K, committed 153600K, reserved 1181696K
  class space    used 18433K, capacity 21676K, committed 21760K, reserved 1048576K
GC Heap History (10 events):
Event: 39.426 GC heap before
{Heap before GC invocations=25 (full 3):
 PSYoungGen      total 486400K, used 480738K [0x0000000795580000, 0x00000007b8000000, 0x00000007c0000000)
  eden space 472576K, 100% used [0x0000000795580000,0x00000007b2300000,0x00000007b2300000)
  from space 13824K, 59% used [0x00000007b2300000,0x00000007b2af8898,0x00000007b3080000)
  to   space 13824K, 0% used [0x00000007b7280000,0x00000007b7280000,0x00000007b8000000)
 ParOldGen       total 100864K, used 23808K [0x0000000740000000, 0x0000000746280000, 0x0000000795580000)
  object space 100864K, 23% used [0x0000000740000000,0x00000007417401e0,0x0000000746280000)
 Metaspace       used 90272K, capacity 96752K, committed 97024K, reserved 1132544K
  class space    used 11448K, capacity 14500K, committed 14592K, reserved 1048576K
Event: 39.443 GC heap after
Heap after GC invocations=25 (full 3):
 PSYoungGen      total 551936K, used 12692K [0x0000000795580000, 0x00000007b8200000, 0x00000007c0000000)
  eden space 538112K, 0% used [0x0000000795580000,0x0000000795580000,0x00000007b6300000)
  from space 13824K, 91% used [0x00000007b7280000,0x00000007b7ee5390,0x00000007b8000000)
  to   space 15872K, 0% used [0x00000007b6300000,0x00000007b6300000,0x00000007b7280000)
 ParOldGen       total 100864K, used 23835K [0x0000000740000000, 0x0000000746280000, 0x0000000795580000)
  object space 100864K, 23% used [0x0000000740000000,0x0000000741746e10,0x0000000746280000)
 Metaspace       used 90272K, capacity 96752K, committed 97024K, reserved 1132544K
  class space    used 11448K, capacity 14500K, committed 14592K, reserved 1048576K
}
Event: 40.421 GC heap before
{Heap before GC invocations=26 (full 3):
 PSYoungGen      total 551936K, used 86023K [0x0000000795580000, 0x00000007b8200000, 0x00000007c0000000)
  eden space 538112K, 13% used [0x0000000795580000,0x0000000799d1cc08,0x00000007b6300000)
  from space 13824K, 91% used [0x00000007b7280000,0x00000007b7ee5390,0x00000007b8000000)
  to   space 15872K, 0% used [0x00000007b6300000,0x00000007b6300000,0x00000007b7280000)
 ParOldGen       total 100864K, used 23835K [0x0000000740000000, 0x0000000746280000, 0x0000000795580000)
  object space 100864K, 23% used [0x0000000740000000,0x0000000741746e10,0x0000000746280000)
 Metaspace       used 91875K, capacity 98448K, committed 98496K, reserved 1132544K
  class space    used 11643K, capacity 14719K, committed 14720K, reserved 1048576K
Event: 40.435 GC heap after
Heap after GC invocations=26 (full 3):
 PSYoungGen      total 553984K, used 10153K [0x0000000795580000, 0x00000007bdd80000, 0x00000007c0000000)
  eden space 538112K, 0% used [0x0000000795580000,0x0000000795580000,0x00000007b6300000)
  from space 15872K, 63% used [0x00000007b6300000,0x00000007b6cea678,0x00000007b7280000)
  to   space 16384K, 0% used [0x00000007bcd80000,0x00000007bcd80000,0x00000007bdd80000)
 ParOldGen       total 100864K, used 23843K [0x0000000740000000, 0x0000000746280000, 0x0000000795580000)
  object space 100864K, 23% used [0x0000000740000000,0x0000000741748e10,0x0000000746280000)
 Metaspace       used 91875K, capacity 98448K, committed 98496K, reserved 1132544K
  class space    used 11643K, capacity 14719K, committed 14720K, reserved 1048576K
}
Event: 40.435 GC heap before
{Heap before GC invocations=27 (full 4):
 PSYoungGen      total 553984K, used 10153K [0x0000000795580000, 0x00000007bdd80000, 0x00000007c0000000)
  eden space 538112K, 0% used [0x0000000795580000,0x0000000795580000,0x00000007b6300000)
  from space 15872K, 63% used [0x00000007b6300000,0x00000007b6cea678,0x00000007b7280000)
  to   space 16384K, 0% used [0x00000007bcd80000,0x00000007bcd80000,0x00000007bdd80000)
 ParOldGen       total 100864K, used 23843K [0x0000000740000000, 0x0000000746280000, 0x0000000795580000)
  object space 100864K, 23% used [0x0000000740000000,0x0000000741748e10,0x0000000746280000)
 Metaspace       used 91875K, capacity 98448K, committed 98496K, reserved 1132544K
  class space    used 11643K, capacity 14719K, committed 14720K, reserved 1048576K
Event: 40.573 GC heap after
Heap after GC invocations=27 (full 4):
 PSYoungGen      total 553984K, used 0K [0x0000000795580000, 0x00000007bdd80000, 0x00000007c0000000)
  eden space 538112K, 0% used [0x0000000795580000,0x0000000795580000,0x00000007b6300000)
  from space 15872K, 0% used [0x00000007b6300000,0x00000007b6300000,0x00000007b7280000)
  to   space 16384K, 0% used [0x00000007bcd80000,0x00000007bcd80000,0x00000007bdd80000)
 ParOldGen       total 145920K, used 30072K [0x0000000740000000, 0x0000000748e80000, 0x0000000795580000)
  object space 145920K, 20% used [0x0000000740000000,0x0000000741d5e028,0x0000000748e80000)
 Metaspace       used 90677K, capacity 95070K, committed 98496K, reserved 1132544K
  class space    used 11360K, capacity 12373K, committed 14720K, reserved 1048576K
}
Event: 47.098 GC heap before
{Heap before GC invocations=28 (full 4):
 PSYoungGen      total 553984K, used 538112K [0x0000000795580000, 0x00000007bdd80000, 0x00000007c0000000)
  eden space 538112K, 100% used [0x0000000795580000,0x00000007b6300000,0x00000007b6300000)
  from space 15872K, 0% used [0x00000007b6300000,0x00000007b6300000,0x00000007b7280000)
  to   space 16384K, 0% used [0x00000007bcd80000,0x00000007bcd80000,0x00000007bdd80000)
 ParOldGen       total 145920K, used 30072K [0x0000000740000000, 0x0000000748e80000, 0x0000000795580000)
  object space 145920K, 20% used [0x0000000740000000,0x0000000741d5e028,0x0000000748e80000)
 Metaspace       used 118752K, capacity 127488K, committed 127744K, reserved 1159168K
  class space    used 15348K, capacity 17857K, committed 17920K, reserved 1048576K
Event: 47.124 GC heap after
Heap after GC invocations=28 (full 4):
 PSYoungGen      total 643072K, used 16379K [0x0000000795580000, 0x00000007be080000, 0x00000007c0000000)
  eden space 626688K, 0% used [0x0000000795580000,0x0000000795580000,0x00000007bb980000)
  from space 16384K, 99% used [0x00000007bcd80000,0x00000007bdd7edb0,0x00000007bdd80000)
  to   space 19968K, 0% used [0x00000007bb980000,0x00000007bb980000,0x00000007bcd00000)
 ParOldGen       total 145920K, used 31798K [0x0000000740000000, 0x0000000748e80000, 0x0000000795580000)
  object space 145920K, 21% used [0x0000000740000000,0x0000000741f0db20,0x0000000748e80000)
 Metaspace       used 118752K, capacity 127488K, committed 127744K, reserved 1159168K
  class space    used 15348K, capacity 17857K, committed 17920K, reserved 1048576K
}
Event: 54.060 GC heap before
{Heap before GC invocations=29 (full 4):
 PSYoungGen      total 643072K, used 643067K [0x0000000795580000, 0x00000007be080000, 0x00000007c0000000)
  eden space 626688K, 100% used [0x0000000795580000,0x00000007bb980000,0x00000007bb980000)
  from space 16384K, 99% used [0x00000007bcd80000,0x00000007bdd7edb0,0x00000007bdd80000)
  to   space 19968K, 0% used [0x00000007bb980000,0x00000007bb980000,0x00000007bcd00000)
 ParOldGen       total 145920K, used 31798K [0x0000000740000000, 0x0000000748e80000, 0x0000000795580000)
  object space 145920K, 21% used [0x0000000740000000,0x0000000741f0db20,0x0000000748e80000)
 Metaspace       used 139229K, capacity 152216K, committed 152320K, reserved 1179648K
  class space    used 18278K, capacity 21483K, committed 21504K, reserved 1048576K
Event: 54.098 GC heap after
Heap after GC invocations=29 (full 4):
 PSYoungGen      total 646656K, used 19945K [0x0000000795580000, 0x00000007c0000000, 0x00000007c0000000)
  eden space 626688K, 0% used [0x0000000795580000,0x0000000795580000,0x00000007bb980000)
  from space 19968K, 99% used [0x00000007bb980000,0x00000007bccfa598,0x00000007bcd00000)
  to   space 24576K, 0% used [0x00000007be800000,0x00000007be800000,0x00000007c0000000)
 ParOldGen       total 145920K, used 34586K [0x0000000740000000, 0x0000000748e80000, 0x0000000795580000)
  object space 145920K, 23% used [0x0000000740000000,0x00000007421c6b58,0x0000000748e80000)
 Metaspace       used 139229K, capacity 152216K, committed 152320K, reserved 1179648K
  class space    used 18278K, capacity 21483K, committed 21504K, reserved 1048576K
}

