# JRE version: Java(TM) SE Runtime Environment (8.0_231-b11) (build 1.8.0_231-b11)
# Java VM: Java HotSpot(TM) 64-Bit Server VM (25.231-b11 mixed mode bsd-amd64 compressed oops)
Heap:
 PSYoungGen      total 563712K, used 153998K [0x0000000795580000, 0x00000007bd000000, 0x00000007c0000000)
  eden space 544256K, 24% used [0x0000000795580000,0x000000079d8e95e8,0x00000007b6900000)
  from space 19456K, 99% used [0x00000007b6900000,0x00000007b7bfa4a0,0x00000007b7c00000)
  to   space 23040K, 0% used [0x00000007bb980000,0x00000007bb980000,0x00000007bd000000)
 ParOldGen       total 974848K, used 856905K [0x0000000740000000, 0x000000077b800000, 0x0000000795580000)
  object space 974848K, 87% used [0x0000000740000000,0x00000007744d25c0,0x000000077b800000)
 Metaspace       used 140250K, capacity 154284K, committed 154368K, reserved 1181696K
  class space    used 18508K, capacity 22261K, committed 22272K, reserved 1048576K
GC Heap History (10 events):
Event: 36.514 GC heap before
{Heap before GC invocations=25 (full 3):
 PSYoungGen      total 429056K, used 426121K [0x0000000795580000, 0x00000007b4180000, 0x00000007c0000000)
  eden space 415744K, 100% used [0x0000000795580000,0x00000007aeb80000,0x00000007aeb80000)
  from space 13312K, 77% used [0x00000007aeb80000,0x00000007af5a24c0,0x00000007af880000)
  to   space 14336K, 0% used [0x00000007b3380000,0x00000007b3380000,0x00000007b4180000)
 ParOldGen       total 100352K, used 28602K [0x0000000740000000, 0x0000000746200000, 0x0000000795580000)
  object space 100352K, 28% used [0x0000000740000000,0x0000000741bee868,0x0000000746200000)
 Metaspace       used 85844K, capacity 90690K, committed 91008K, reserved 1128448K
  class space    used 10816K, capacity 12350K, committed 12416K, reserved 1048576K
Event: 36.528 GC heap after
Heap after GC invocations=25 (full 3):
 PSYoungGen      total 488960K, used 8118K [0x0000000795580000, 0x00000007b4680000, 0x00000007c0000000)
  eden space 474624K, 0% used [0x0000000795580000,0x0000000795580000,0x00000007b2500000)
  from space 14336K, 56% used [0x00000007b3380000,0x00000007b3b6d8a8,0x00000007b4180000)
  to   space 14848K, 0% used [0x00000007b2500000,0x00000007b2500000,0x00000007b3380000)
 ParOldGen       total 100352K, used 28610K [0x0000000740000000, 0x0000000746200000, 0x0000000795580000)
  object space 100352K, 28% used [0x0000000740000000,0x0000000741bf0868,0x0000000746200000)
 Metaspace       used 85844K, capacity 90690K, committed 91008K, reserved 1128448K
  class space    used 10816K, capacity 12350K, committed 12416K, reserved 1048576K
}
Event: 39.449 GC heap before
{Heap before GC invocations=26 (full 3):
 PSYoungGen      total 488960K, used 323750K [0x0000000795580000, 0x00000007b4680000, 0x00000007c0000000)
  eden space 474624K, 66% used [0x0000000795580000,0x00000007a89bc070,0x00000007b2500000)
  from space 14336K, 56% used [0x00000007b3380000,0x00000007b3b6d8a8,0x00000007b4180000)
  to   space 14848K, 0% used [0x00000007b2500000,0x00000007b2500000,0x00000007b3380000)
 ParOldGen       total 100352K, used 28610K [0x0000000740000000, 0x0000000746200000, 0x0000000795580000)
  object space 100352K, 28% used [0x0000000740000000,0x0000000741bf0868,0x0000000746200000)
 Metaspace       used 91882K, capacity 98448K, committed 98496K, reserved 1132544K
  class space    used 11639K, capacity 14719K, committed 14720K, reserved 1048576K
Event: 39.467 GC heap after
Heap after GC invocations=26 (full 3):
 PSYoungGen      total 489472K, used 13720K [0x0000000795580000, 0x00000007b8e80000, 0x00000007c0000000)
  eden space 474624K, 0% used [0x0000000795580000,0x0000000795580000,0x00000007b2500000)
  from space 14848K, 92% used [0x00000007b2500000,0x00000007b3266380,0x00000007b3380000)
  to   space 16896K, 0% used [0x00000007b7e00000,0x00000007b7e00000,0x00000007b8e80000)
 ParOldGen       total 100352K, used 28618K [0x0000000740000000, 0x0000000746200000, 0x0000000795580000)
  object space 100352K, 28% used [0x0000000740000000,0x0000000741bf2868,0x0000000746200000)
 Metaspace       used 91882K, capacity 98448K, committed 98496K, reserved 1132544K
  class space    used 11639K, capacity 14719K, committed 14720K, reserved 1048576K
}
Event: 39.467 GC heap before
{Heap before GC invocations=27 (full 4):
 PSYoungGen      total 489472K, used 13720K [0x0000000795580000, 0x00000007b8e80000, 0x00000007c0000000)
  eden space 474624K, 0% used [0x0000000795580000,0x0000000795580000,0x00000007b2500000)
  from space 14848K, 92% used [0x00000007b2500000,0x00000007b3266380,0x00000007b3380000)
  to   space 16896K, 0% used [0x00000007b7e00000,0x00000007b7e00000,0x00000007b8e80000)
 ParOldGen       total 100352K, used 28618K [0x0000000740000000, 0x0000000746200000, 0x0000000795580000)
  object space 100352K, 28% used [0x0000000740000000,0x0000000741bf2868,0x0000000746200000)
 Metaspace       used 91882K, capacity 98448K, committed 98496K, reserved 1132544K
  class space    used 11639K, capacity 14719K, committed 14720K, reserved 1048576K
Event: 39.607 GC heap after
Heap after GC invocations=27 (full 4):
 PSYoungGen      total 489472K, used 0K [0x0000000795580000, 0x00000007b8e80000, 0x00000007c0000000)
  eden space 474624K, 0% used [0x0000000795580000,0x0000000795580000,0x00000007b2500000)
  from space 14848K, 0% used [0x00000007b2500000,0x00000007b2500000,0x00000007b3380000)
  to   space 16896K, 0% used [0x00000007b7e00000,0x00000007b7e00000,0x00000007b8e80000)
 ParOldGen       total 151552K, used 32839K [0x0000000740000000, 0x0000000749400000, 0x0000000795580000)
  object space 151552K, 21% used [0x0000000740000000,0x0000000742011ec8,0x0000000749400000)
 Metaspace       used 91013K, capacity 95920K, committed 98496K, reserved 1132544K
  class space    used 11426K, capacity 12951K, committed 14720K, reserved 1048576K
}
Event: 45.684 GC heap before
{Heap before GC invocations=28 (full 4):
 PSYoungGen      total 489472K, used 474624K [0x0000000795580000, 0x00000007b8e80000, 0x00000007c0000000)
  eden space 474624K, 100% used [0x0000000795580000,0x00000007b2500000,0x00000007b2500000)
  from space 14848K, 0% used [0x00000007b2500000,0x00000007b2500000,0x00000007b3380000)
  to   space 16896K, 0% used [0x00000007b7e00000,0x00000007b7e00000,0x00000007b8e80000)
 ParOldGen       total 151552K, used 32839K [0x0000000740000000, 0x0000000749400000, 0x0000000795580000)
  object space 151552K, 21% used [0x0000000740000000,0x0000000742011ec8,0x0000000749400000)
 Metaspace       used 117004K, capacity 126072K, committed 126208K, reserved 1157120K
  class space    used 15150K, capacity 18085K, committed 18176K, reserved 1048576K
Event: 45.704 GC heap after
Heap after GC invocations=28 (full 4):
 PSYoungGen      total 561152K, used 16074K [0x0000000795580000, 0x00000007b8f00000, 0x00000007c0000000)
  eden space 544256K, 0% used [0x0000000795580000,0x0000000795580000,0x00000007b6900000)
  from space 16896K, 95% used [0x00000007b7e00000,0x00000007b8db2ab0,0x00000007b8e80000)
  to   space 19456K, 0% used [0x00000007b6900000,0x00000007b6900000,0x00000007b7c00000)
 ParOldGen       total 151552K, used 32847K [0x0000000740000000, 0x0000000749400000, 0x0000000795580000)
  object space 151552K, 21% used [0x0000000740000000,0x0000000742013ec8,0x0000000749400000)
 Metaspace       used 117004K, capacity 126072K, committed 126208K, reserved 1157120K
  class space    used 15150K, capacity 18085K, committed 18176K, reserved 1048576K
}
Event: 51.896 GC heap before
{Heap before GC invocations=29 (full 4):
 PSYoungGen      total 561152K, used 560330K [0x0000000795580000, 0x00000007b8f00000, 0x00000007c0000000)
  eden space 544256K, 100% used [0x0000000795580000,0x00000007b6900000,0x00000007b6900000)
  from space 16896K, 95% used [0x00000007b7e00000,0x00000007b8db2ab0,0x00000007b8e80000)
  to   space 19456K, 0% used [0x00000007b6900000,0x00000007b6900000,0x00000007b7c00000)
 ParOldGen       total 151552K, used 32847K [0x0000000740000000, 0x0000000749400000, 0x0000000795580000)
  object space 151552K, 21% used [0x0000000740000000,0x0000000742013ec8,0x0000000749400000)
 Metaspace       used 134852K, capacity 145810K, committed 146176K, reserved 1175552K
  class space    used 17476K, capacity 20881K, committed 20992K, reserved 1048576K
Event: 51.927 GC heap after
Heap after GC invocations=29 (full 4):
 PSYoungGen      total 563712K, used 19433K [0x0000000795580000, 0x00000007bd000000, 0x00000007c0000000)
  eden space 544256K, 0% used [0x0000000795580000,0x0000000795580000,0x00000007b6900000)
  from space 19456K, 99% used [0x00000007b6900000,0x00000007b7bfa4a0,0x00000007b7c00000)
  to   space 23040K, 0% used [0x00000007bb980000,0x00000007bb980000,0x00000007bd000000)
 ParOldGen       total 151552K, used 33772K [0x0000000740000000, 0x0000000749400000, 0x0000000795580000)
  object space 151552K, 22% used [0x0000000740000000,0x00000007420fb248,0x0000000749400000)
 Metaspace       used 134852K, capacity 145810K, committed 146176K, reserved 1175552K
  class space    used 17476K, capacity 20881K, committed 20992K, reserved 1048576K
}

