# JRE version: Java(TM) SE Runtime Environment (8.0_231-b11) (build 1.8.0_231-b11)
# Java VM: Java HotSpot(TM) 64-Bit Server VM (25.231-b11 mixed mode bsd-amd64 compressed oops)
Heap:
 PSYoungGen      total 559616K, used 181019K [0x0000000795580000, 0x00000007bcc00000, 0x00000007c0000000)
  eden space 540160K, 29% used [0x0000000795580000,0x000000079f3490a8,0x00000007b6500000)
  from space 19456K, 99% used [0x00000007b6500000,0x00000007b77fdc90,0x00000007b7800000)
  to   space 23040K, 0% used [0x00000007bb580000,0x00000007bb580000,0x00000007bcc00000)
 ParOldGen       total 973312K, used 857616K [0x0000000740000000, 0x000000077b680000, 0x0000000795580000)
  object space 973312K, 88% used [0x0000000740000000,0x0000000774584238,0x000000077b680000)
 Metaspace       used 140400K, capacity 154680K, committed 154880K, reserved 1181696K
  class space    used 18534K, capacity 22498K, committed 22528K, reserved 1048576K
GC Heap History (10 events):
Event: 36.523 GC heap before
{Heap before GC invocations=25 (full 3):
 PSYoungGen      total 424960K, used 421707K [0x0000000795580000, 0x00000007b3d80000, 0x00000007c0000000)
  eden space 411648K, 100% used [0x0000000795580000,0x00000007ae780000,0x00000007ae780000)
  from space 13312K, 75% used [0x00000007ae780000,0x00000007af152d50,0x00000007af480000)
  to   space 14336K, 0% used [0x00000007b2f80000,0x00000007b2f80000,0x00000007b3d80000)
 ParOldGen       total 98816K, used 28730K [0x0000000740000000, 0x0000000746080000, 0x0000000795580000)
  object space 98816K, 29% used [0x0000000740000000,0x0000000741c0eb20,0x0000000746080000)
 Metaspace       used 85634K, capacity 90212K, committed 90496K, reserved 1128448K
  class space    used 10787K, capacity 12112K, committed 12160K, reserved 1048576K
Event: 36.534 GC heap after
Heap after GC invocations=25 (full 3):
 PSYoungGen      total 485376K, used 7800K [0x0000000795580000, 0x00000007b3e80000, 0x00000007c0000000)
  eden space 471040K, 0% used [0x0000000795580000,0x0000000795580000,0x00000007b2180000)
  from space 14336K, 54% used [0x00000007b2f80000,0x00000007b371e070,0x00000007b3d80000)
  to   space 14336K, 0% used [0x00000007b2180000,0x00000007b2180000,0x00000007b2f80000)
 ParOldGen       total 98816K, used 28738K [0x0000000740000000, 0x0000000746080000, 0x0000000795580000)
  object space 98816K, 29% used [0x0000000740000000,0x0000000741c10b20,0x0000000746080000)
 Metaspace       used 85634K, capacity 90212K, committed 90496K, reserved 1128448K
  class space    used 10787K, capacity 12112K, committed 12160K, reserved 1048576K
}
Event: 39.603 GC heap before
{Heap before GC invocations=26 (full 3):
 PSYoungGen      total 485376K, used 327657K [0x0000000795580000, 0x00000007b3e80000, 0x00000007c0000000)
  eden space 471040K, 67% used [0x0000000795580000,0x00000007a8ddc5f0,0x00000007b2180000)
  from space 14336K, 54% used [0x00000007b2f80000,0x00000007b371e070,0x00000007b3d80000)
  to   space 14336K, 0% used [0x00000007b2180000,0x00000007b2180000,0x00000007b2f80000)
 ParOldGen       total 98816K, used 28738K [0x0000000740000000, 0x0000000746080000, 0x0000000795580000)
  object space 98816K, 29% used [0x0000000740000000,0x0000000741c10b20,0x0000000746080000)
 Metaspace       used 91863K, capacity 98448K, committed 98496K, reserved 1132544K
  class space    used 11635K, capacity 14719K, committed 14720K, reserved 1048576K
Event: 39.623 GC heap after
Heap after GC invocations=26 (full 3):
 PSYoungGen      total 485376K, used 13885K [0x0000000795580000, 0x00000007b8880000, 0x00000007c0000000)
  eden space 471040K, 0% used [0x0000000795580000,0x0000000795580000,0x00000007b2180000)
  from space 14336K, 96% used [0x00000007b2180000,0x00000007b2f0f720,0x00000007b2f80000)
  to   space 16896K, 0% used [0x00000007b7800000,0x00000007b7800000,0x00000007b8880000)
 ParOldGen       total 98816K, used 28765K [0x0000000740000000, 0x0000000746080000, 0x0000000795580000)
  object space 98816K, 29% used [0x0000000740000000,0x0000000741c17750,0x0000000746080000)
 Metaspace       used 91863K, capacity 98448K, committed 98496K, reserved 1132544K
  class space    used 11635K, capacity 14719K, committed 14720K, reserved 1048576K
}
Event: 39.623 GC heap before
{Heap before GC invocations=27 (full 4):
 PSYoungGen      total 485376K, used 13885K [0x0000000795580000, 0x00000007b8880000, 0x00000007c0000000)
  eden space 471040K, 0% used [0x0000000795580000,0x0000000795580000,0x00000007b2180000)
  from space 14336K, 96% used [0x00000007b2180000,0x00000007b2f0f720,0x00000007b2f80000)
  to   space 16896K, 0% used [0x00000007b7800000,0x00000007b7800000,0x00000007b8880000)
 ParOldGen       total 98816K, used 28765K [0x0000000740000000, 0x0000000746080000, 0x0000000795580000)
  object space 98816K, 29% used [0x0000000740000000,0x0000000741c17750,0x0000000746080000)
 Metaspace       used 91863K, capacity 98448K, committed 98496K, reserved 1132544K
  class space    used 11635K, capacity 14719K, committed 14720K, reserved 1048576K
Event: 39.752 GC heap after
Heap after GC invocations=27 (full 4):
 PSYoungGen      total 485376K, used 0K [0x0000000795580000, 0x00000007b8880000, 0x00000007c0000000)
  eden space 471040K, 0% used [0x0000000795580000,0x0000000795580000,0x00000007b2180000)
  from space 14336K, 0% used [0x00000007b2180000,0x00000007b2180000,0x00000007b2f80000)
  to   space 16896K, 0% used [0x00000007b7800000,0x00000007b7800000,0x00000007b8880000)
 ParOldGen       total 150016K, used 33057K [0x0000000740000000, 0x0000000749280000, 0x0000000795580000)
  object space 150016K, 22% used [0x0000000740000000,0x00000007420487a0,0x0000000749280000)
 Metaspace       used 91129K, capacity 96270K, committed 98496K, reserved 1132544K
  class space    used 11451K, capacity 13189K, committed 14720K, reserved 1048576K
}
Event: 45.730 GC heap before
{Heap before GC invocations=28 (full 4):
 PSYoungGen      total 485376K, used 471040K [0x0000000795580000, 0x00000007b8880000, 0x00000007c0000000)
  eden space 471040K, 100% used [0x0000000795580000,0x00000007b2180000,0x00000007b2180000)
  from space 14336K, 0% used [0x00000007b2180000,0x00000007b2180000,0x00000007b2f80000)
  to   space 16896K, 0% used [0x00000007b7800000,0x00000007b7800000,0x00000007b8880000)
 ParOldGen       total 150016K, used 33057K [0x0000000740000000, 0x0000000749280000, 0x0000000795580000)
  object space 150016K, 22% used [0x0000000740000000,0x00000007420487a0,0x0000000749280000)
 Metaspace       used 116562K, capacity 125814K, committed 126080K, reserved 1157120K
  class space    used 15098K, capacity 18227K, committed 18304K, reserved 1048576K
Event: 45.757 GC heap after
Heap after GC invocations=28 (full 4):
 PSYoungGen      total 557056K, used 15521K [0x0000000795580000, 0x00000007b8c00000, 0x00000007c0000000)
  eden space 540160K, 0% used [0x0000000795580000,0x0000000795580000,0x00000007b6500000)
  from space 16896K, 91% used [0x00000007b7800000,0x00000007b87285c8,0x00000007b8880000)
  to   space 19456K, 0% used [0x00000007b6500000,0x00000007b6500000,0x00000007b7800000)
 ParOldGen       total 150016K, used 33065K [0x0000000740000000, 0x0000000749280000, 0x0000000795580000)
  object space 150016K, 22% used [0x0000000740000000,0x000000074204a7a0,0x0000000749280000)
 Metaspace       used 116562K, capacity 125814K, committed 126080K, reserved 1157120K
  class space    used 15098K, capacity 18227K, committed 18304K, reserved 1048576K
}
Event: 51.903 GC heap before
{Heap before GC invocations=29 (full 4):
 PSYoungGen      total 557056K, used 555681K [0x0000000795580000, 0x00000007b8c00000, 0x00000007c0000000)
  eden space 540160K, 100% used [0x0000000795580000,0x00000007b6500000,0x00000007b6500000)
  from space 16896K, 91% used [0x00000007b7800000,0x00000007b87285c8,0x00000007b8880000)
  to   space 19456K, 0% used [0x00000007b6500000,0x00000007b6500000,0x00000007b7800000)
 ParOldGen       total 150016K, used 33065K [0x0000000740000000, 0x0000000749280000, 0x0000000795580000)
  object space 150016K, 22% used [0x0000000740000000,0x000000074204a7a0,0x0000000749280000)
 Metaspace       used 134909K, capacity 146154K, committed 146304K, reserved 1175552K
  class space    used 17505K, capacity 21118K, committed 21120K, reserved 1048576K
Event: 51.931 GC heap after
Heap after GC invocations=29 (full 4):
 PSYoungGen      total 559616K, used 19447K [0x0000000795580000, 0x00000007bcc00000, 0x00000007c0000000)
  eden space 540160K, 0% used [0x0000000795580000,0x0000000795580000,0x00000007b6500000)
  from space 19456K, 99% used [0x00000007b6500000,0x00000007b77fdc90,0x00000007b7800000)
  to   space 23040K, 0% used [0x00000007bb580000,0x00000007bb580000,0x00000007bcc00000)
 ParOldGen       total 150016K, used 34483K [0x0000000740000000, 0x0000000749280000, 0x0000000795580000)
  object space 150016K, 22% used [0x0000000740000000,0x00000007421acec0,0x0000000749280000)
 Metaspace       used 134909K, capacity 146154K, committed 146304K, reserved 1175552K
  class space    used 17505K, capacity 21118K, committed 21120K, reserved 1048576K
}

