# JRE version: Java(TM) SE Runtime Environment (8.0_231-b11) (build 1.8.0_231-b11)
# Java VM: Java HotSpot(TM) 64-Bit Server VM (25.231-b11 mixed mode bsd-amd64 compressed oops)
Heap:
 PSYoungGen      total 628736K, used 157036K [0x0000000795580000, 0x00000007c0000000, 0x00000007c0000000)
  eden space 609792K, 22% used [0x0000000795580000,0x000000079dc5d860,0x00000007ba900000)
  from space 18944K, 99% used [0x00000007ba900000,0x00000007bbb7d9d0,0x00000007bbb80000)
  to   space 24064K, 0% used [0x00000007be880000,0x00000007be880000,0x00000007c0000000)
 ParOldGen       total 963584K, used 859028K [0x0000000740000000, 0x000000077ad00000, 0x0000000795580000)
  object space 963584K, 89% used [0x0000000740000000,0x00000007746e50a8,0x000000077ad00000)
 Metaspace       used 141580K, capacity 155174K, committed 155224K, reserved 1183744K
  class space    used 18466K, capacity 21848K, committed 21888K, reserved 1048576K
GC Heap History (10 events):
Event: 47.181 GC heap before
{Heap before GC invocations=25 (full 3):
 PSYoungGen      total 475648K, used 471987K [0x0000000795580000, 0x00000007b7400000, 0x00000007c0000000)
  eden space 462848K, 100% used [0x0000000795580000,0x00000007b1980000,0x00000007b1980000)
  from space 12800K, 71% used [0x00000007b1980000,0x00000007b226cde0,0x00000007b2600000)
  to   space 13824K, 0% used [0x00000007b6680000,0x00000007b6680000,0x00000007b7400000)
 ParOldGen       total 96768K, used 24106K [0x0000000740000000, 0x0000000745e80000, 0x0000000795580000)
  object space 96768K, 24% used [0x0000000740000000,0x000000074178a928,0x0000000745e80000)
 Metaspace       used 89158K, capacity 95116K, committed 95192K, reserved 1130496K
  class space    used 11135K, capacity 13772K, committed 13824K, reserved 1048576K
Event: 47.202 GC heap after
Heap after GC invocations=25 (full 3):
 PSYoungGen      total 540672K, used 10712K [0x0000000795580000, 0x00000007b7600000, 0x00000007c0000000)
  eden space 526848K, 0% used [0x0000000795580000,0x0000000795580000,0x00000007b5800000)
  from space 13824K, 77% used [0x00000007b6680000,0x00000007b70f6290,0x00000007b7400000)
  to   space 14848K, 0% used [0x00000007b5800000,0x00000007b5800000,0x00000007b6680000)
 ParOldGen       total 96768K, used 24114K [0x0000000740000000, 0x0000000745e80000, 0x0000000795580000)
  object space 96768K, 24% used [0x0000000740000000,0x000000074178c928,0x0000000745e80000)
 Metaspace       used 89158K, capacity 95116K, committed 95192K, reserved 1130496K
  class space    used 11135K, capacity 13772K, committed 13824K, reserved 1048576K
}
Event: 48.299 GC heap before
{Heap before GC invocations=26 (full 3):
 PSYoungGen      total 540672K, used 124263K [0x0000000795580000, 0x00000007b7600000, 0x00000007c0000000)
  eden space 526848K, 21% used [0x0000000795580000,0x000000079c463be0,0x00000007b5800000)
  from space 13824K, 77% used [0x00000007b6680000,0x00000007b70f6290,0x00000007b7400000)
  to   space 14848K, 0% used [0x00000007b5800000,0x00000007b5800000,0x00000007b6680000)
 ParOldGen       total 96768K, used 24114K [0x0000000740000000, 0x0000000745e80000, 0x0000000795580000)
  object space 96768K, 24% used [0x0000000740000000,0x000000074178c928,0x0000000745e80000)
 Metaspace       used 91922K, capacity 98348K, committed 98496K, reserved 1132544K
  class space    used 11575K, capacity 14628K, committed 14720K, reserved 1048576K
Event: 48.311 GC heap after
Heap after GC invocations=26 (full 3):
 PSYoungGen      total 541696K, used 9491K [0x0000000795580000, 0x00000007bca80000, 0x00000007c0000000)
  eden space 526848K, 0% used [0x0000000795580000,0x0000000795580000,0x00000007b5800000)
  from space 14848K, 63% used [0x00000007b5800000,0x00000007b6144ee0,0x00000007b6680000)
  to   space 15360K, 0% used [0x00000007bbb80000,0x00000007bbb80000,0x00000007bca80000)
 ParOldGen       total 96768K, used 24141K [0x0000000740000000, 0x0000000745e80000, 0x0000000795580000)
  object space 96768K, 24% used [0x0000000740000000,0x0000000741793558,0x0000000745e80000)
 Metaspace       used 91922K, capacity 98348K, committed 98496K, reserved 1132544K
  class space    used 11575K, capacity 14628K, committed 14720K, reserved 1048576K
}
Event: 48.311 GC heap before
{Heap before GC invocations=27 (full 4):
 PSYoungGen      total 541696K, used 9491K [0x0000000795580000, 0x00000007bca80000, 0x00000007c0000000)
  eden space 526848K, 0% used [0x0000000795580000,0x0000000795580000,0x00000007b5800000)
  from space 14848K, 63% used [0x00000007b5800000,0x00000007b6144ee0,0x00000007b6680000)
  to   space 15360K, 0% used [0x00000007bbb80000,0x00000007bbb80000,0x00000007bca80000)
 ParOldGen       total 96768K, used 24141K [0x0000000740000000, 0x0000000745e80000, 0x0000000795580000)
  object space 96768K, 24% used [0x0000000740000000,0x0000000741793558,0x0000000745e80000)
 Metaspace       used 91922K, capacity 98348K, committed 98496K, reserved 1132544K
  class space    used 11575K, capacity 14628K, committed 14720K, reserved 1048576K
Event: 48.423 GC heap after
Heap after GC invocations=27 (full 4):
 PSYoungGen      total 541696K, used 0K [0x0000000795580000, 0x00000007bca80000, 0x00000007c0000000)
  eden space 526848K, 0% used [0x0000000795580000,0x0000000795580000,0x00000007b5800000)
  from space 14848K, 0% used [0x00000007b5800000,0x00000007b5800000,0x00000007b6680000)
  to   space 15360K, 0% used [0x00000007bbb80000,0x00000007bbb80000,0x00000007bca80000)
 ParOldGen       total 140288K, used 29084K [0x0000000740000000, 0x0000000748900000, 0x0000000795580000)
  object space 140288K, 20% used [0x0000000740000000,0x0000000741c67080,0x0000000748900000)
 Metaspace       used 90800K, capacity 95170K, committed 98496K, reserved 1132544K
  class space    used 11309K, capacity 12418K, committed 14720K, reserved 1048576K
}
Event: 57.008 GC heap before
{Heap before GC invocations=28 (full 4):
 PSYoungGen      total 541696K, used 526848K [0x0000000795580000, 0x00000007bca80000, 0x00000007c0000000)
  eden space 526848K, 100% used [0x0000000795580000,0x00000007b5800000,0x00000007b5800000)
  from space 14848K, 0% used [0x00000007b5800000,0x00000007b5800000,0x00000007b6680000)
  to   space 15360K, 0% used [0x00000007bbb80000,0x00000007bbb80000,0x00000007bca80000)
 ParOldGen       total 140288K, used 29084K [0x0000000740000000, 0x0000000748900000, 0x0000000795580000)
  object space 140288K, 20% used [0x0000000740000000,0x0000000741c67080,0x0000000748900000)
 Metaspace       used 117277K, capacity 125898K, committed 126168K, reserved 1157120K
  class space    used 15013K, capacity 17547K, committed 17664K, reserved 1048576K
Event: 57.042 GC heap after
Heap after GC invocations=28 (full 4):
 PSYoungGen      total 625152K, used 15357K [0x0000000795580000, 0x00000007bd100000, 0x00000007c0000000)
  eden space 609792K, 0% used [0x0000000795580000,0x0000000795580000,0x00000007ba900000)
  from space 15360K, 99% used [0x00000007bbb80000,0x00000007bca7f5b0,0x00000007bca80000)
  to   space 18944K, 0% used [0x00000007ba900000,0x00000007ba900000,0x00000007bbb80000)
 ParOldGen       total 140288K, used 31256K [0x0000000740000000, 0x0000000748900000, 0x0000000795580000)
  object space 140288K, 22% used [0x0000000740000000,0x0000000741e86300,0x0000000748900000)
 Metaspace       used 117277K, capacity 125898K, committed 126168K, reserved 1157120K
  class space    used 15013K, capacity 17547K, committed 17664K, reserved 1048576K
}
Event: 79.722 GC heap before
{Heap before GC invocations=29 (full 4):
 PSYoungGen      total 625152K, used 625149K [0x0000000795580000, 0x00000007bd100000, 0x00000007c0000000)
  eden space 609792K, 100% used [0x0000000795580000,0x00000007ba900000,0x00000007ba900000)
  from space 15360K, 99% used [0x00000007bbb80000,0x00000007bca7f5b0,0x00000007bca80000)
  to   space 18944K, 0% used [0x00000007ba900000,0x00000007ba900000,0x00000007bbb80000)
 ParOldGen       total 140288K, used 31256K [0x0000000740000000, 0x0000000748900000, 0x0000000795580000)
  object space 140288K, 22% used [0x0000000740000000,0x0000000741e86300,0x0000000748900000)
 Metaspace       used 136650K, capacity 147318K, committed 147544K, reserved 1175552K
  class space    used 17514K, capacity 20550K, committed 20608K, reserved 1048576K
Event: 79.766 GC heap after
Heap after GC invocations=29 (full 4):
 PSYoungGen      total 628736K, used 18934K [0x0000000795580000, 0x00000007c0000000, 0x00000007c0000000)
  eden space 609792K, 0% used [0x0000000795580000,0x0000000795580000,0x00000007ba900000)
  from space 18944K, 99% used [0x00000007ba900000,0x00000007bbb7d9d0,0x00000007bbb80000)
  to   space 24064K, 0% used [0x00000007be880000,0x00000007be880000,0x00000007c0000000)
 ParOldGen       total 140288K, used 35895K [0x0000000740000000, 0x0000000748900000, 0x0000000795580000)
  object space 140288K, 25% used [0x0000000740000000,0x000000074230dd30,0x0000000748900000)
 Metaspace       used 136650K, capacity 147318K, committed 147544K, reserved 1175552K
  class space    used 17514K, capacity 20550K, committed 20608K, reserved 1048576K
}

